
CH32V003F4P6.elf:     file format elf32-littleriscv
CH32V003F4P6.elf
architecture: riscv:rv32, flags 0x00000112:
EXEC_P, HAS_SYMS, D_PAGED
start address 0x00000000

Program Header:
    LOAD off    0x00001000 vaddr 0x00000000 paddr 0x00000000 align 2**12
         filesz 0x00000d6c memsz 0x00000d6c flags r-x
    LOAD off    0x00002000 vaddr 0x20000000 paddr 0x00000d6c align 2**12
         filesz 0x00000038 memsz 0x00000050 flags rw-
    LOAD off    0x00002700 vaddr 0x20000700 paddr 0x20000700 align 2**12
         filesz 0x00000000 memsz 0x00000100 flags rw-

Sections:
Idx Name          Size      VMA       LMA       File off  Algn
  0 .init         000000a0  00000000  00000000  00001000  2**2
                  CONTENTS, ALLOC, LOAD, READONLY, CODE
  1 .highcodelalign 00000000  000000a0  000000a0  00002038  2**0
                  CONTENTS
  2 .highcode     00000000  20000000  20000000  00002038  2**0
                  CONTENTS
  3 .text         00000ccc  000000a0  000000a0  000010a0  2**2
                  CONTENTS, ALLOC, LOAD, READONLY, CODE
  4 .fini         00000000  00000d6c  00000d6c  00002038  2**0
                  CONTENTS, ALLOC, LOAD, CODE
  5 .dalign       00000000  20000000  20000000  00002038  2**0
                  CONTENTS
  6 .dlalign      00000000  00000d6c  00000d6c  00002038  2**0
                  CONTENTS
  7 .data         00000038  20000000  00000d6c  00002000  2**2
                  CONTENTS, ALLOC, LOAD, DATA
  8 .bss          00000018  20000038  00000da4  00002038  2**2
                  ALLOC
  9 .stack        00000100  20000700  20000700  00002700  2**0
                  ALLOC
 10 .debug_info   000082ea  00000000  00000000  00002038  2**0
                  CONTENTS, READONLY, DEBUGGING
 11 .debug_abbrev 00001a5a  00000000  00000000  0000a322  2**0
                  CONTENTS, READONLY, DEBUGGING
 12 .debug_aranges 000003e8  00000000  00000000  0000bd80  2**3
                  CONTENTS, READONLY, DEBUGGING
 13 .debug_ranges 000003d0  00000000  00000000  0000c168  2**3
                  CONTENTS, READONLY, DEBUGGING
 14 .debug_line   000047a2  00000000  00000000  0000c538  2**0
                  CONTENTS, READONLY, DEBUGGING
 15 .debug_str    00001649  00000000  00000000  00010cda  2**0
                  CONTENTS, READONLY, DEBUGGING
 16 .comment      00000033  00000000  00000000  00012323  2**0
                  CONTENTS, READONLY
 17 .debug_frame  000007b0  00000000  00000000  00012358  2**2
                  CONTENTS, READONLY, DEBUGGING
 18 .debug_loc    00001586  00000000  00000000  00012b08  2**0
                  CONTENTS, READONLY, DEBUGGING
SYMBOL TABLE:
00000000 l    d  .init	00000000 .init
000000a0 l    d  .highcodelalign	00000000 .highcodelalign
20000000 l    d  .highcode	00000000 .highcode
000000a0 l    d  .text	00000000 .text
00000d6c l    d  .fini	00000000 .fini
20000000 l    d  .dalign	00000000 .dalign
00000d6c l    d  .dlalign	00000000 .dlalign
20000000 l    d  .data	00000000 .data
20000038 l    d  .bss	00000000 .bss
20000700 l    d  .stack	00000000 .stack
00000000 l    d  .debug_info	00000000 .debug_info
00000000 l    d  .debug_abbrev	00000000 .debug_abbrev
00000000 l    d  .debug_aranges	00000000 .debug_aranges
00000000 l    d  .debug_ranges	00000000 .debug_ranges
00000000 l    d  .debug_line	00000000 .debug_line
00000000 l    d  .debug_str	00000000 .debug_str
00000000 l    d  .comment	00000000 .comment
00000000 l    d  .debug_frame	00000000 .debug_frame
00000000 l    d  .debug_loc	00000000 .debug_loc
00000000 l    df *ABS*	00000000 ch32v00x_it.c
00000000 l    df *ABS*	00000000 main.c
00000000 l    df *ABS*	00000000 system_ch32v00x.c
00000000 l    df *ABS*	00000000 ch32v00x_dbgmcu.c
00000000 l    df *ABS*	00000000 ch32v00x_gpio.c
00000000 l    df *ABS*	00000000 ch32v00x_misc.c
00000000 l    df *ABS*	00000000 ch32v00x_rcc.c
20000014 l     O .data	00000014 ADCPrescTable
20000028 l     O .data	00000010 APBAHBPrescTable
00000000 l    df *ABS*	00000000 ch32v00x_usart.c
00000000 l    df *ABS*	00000000 debug.c
2000004c l     O .bss	00000002 p_ms
2000004e l     O .bss	00000001 p_us
00000000 l    df *ABS*	00000000 wchprintf.c
000009d6  w    F .text	00000004 printDouble
000009da  w    F .text	00000352 print
00000d2c  w    F .text	00000022 printf
20000838 g       .data	00000000 __global_pointer$
000003cc  w      .text	00000000 TIM1_CC_IRQHandler
00000134 g     F .text	00000010 HardFault_Handler
000008c4  w    F .text	0000010e printInt
000003cc  w      .text	00000000 SysTick_Handler
000003cc  w      .text	00000000 PVD_IRQHandler
00000132 g     F .text	00000002 NMI_Handler
0000047e g     F .text	0000000a DBGMCU_GetCHIPID
000006be g     F .text	0000000a USART_GetFlagStatus
20000038 g       .bss	00000000 _sbss
00000100 g       *ABS*	00000000 __stack_size
000006f8 g     F .text	00000052 USART_Printf_Init
000000aa g     F .text	0000000a .hidden __riscv_restore_2
000009d2  w    F .text	00000004 printLongLongInt
20000010 g     O .data	00000004 SystemCoreClock
000000bc g     F .text	0000002c .hidden __udivsi3
000000a0 g       .init	00000000 _einit
000005c2 g     F .text	0000001e RCC_APB2PeriphClockCmd
00000488 g     F .text	0000007c GPIO_Init
20000048 g     O .bss	00000004 NVIC_Priority_Group
000003cc  w      .text	00000000 SPI1_IRQHandler
000006a0 g     F .text	00000016 USART_Cmd
000000a0 g     F .text	0000000a .hidden __riscv_save_1
000000aa g     F .text	0000000a .hidden __riscv_restore_0
000003cc  w      .text	00000000 AWU_IRQHandler
000003cc  w      .text	00000000 EXTI7_0_IRQHandler
20000700 g       .stack	00000000 _heap_end
000003cc  w      .text	00000000 DMA1_Channel4_IRQHandler
000003cc  w      .text	00000000 ADC1_IRQHandler
20000050 g       .bss	00000000 _ebss
000003cc  w      .text	00000000 DMA1_Channel7_IRQHandler
000006c8 g     F .text	00000030 Delay_Init
00000504 g     F .text	0000000a GPIO_WriteBit
000000e8 g     F .text	00000008 .hidden __umodsi3
000003cc  w      .text	00000000 I2C1_EV_IRQHandler
00000526 g     F .text	0000009c RCC_GetClocksFreq
000003cc  w      .text	00000000 DMA1_Channel6_IRQHandler
000001bc g     F .text	00000030 Pinout_Init
000005e0 g     F .text	000000c0 USART_Init
000003cc  w      .text	00000000 RCC_IRQHandler
00000144 g     F .text	00000078 USART1_Init
000003cc  w      .text	00000000 TIM1_TRG_COM_IRQHandler
000003cc  w      .text	00000000 DMA1_Channel1_IRQHandler
00000000 g       .init	00000000 _start
20000000 g     O .data	00000010 AHBPrescTable
000007de  w    F .text	000000e6 prints
20000000 g       .highcode	00000000 _highcode_vma_start
20000000 g       .dalign	00000000 _data_vma
00000514 g     F .text	00000012 RCC_AdjustHSICalibrationValue
000001ec g     F .text	00000046 main
000003cc  w      .text	00000000 DMA1_Channel5_IRQHandler
000000b4 g     F .text	00000058 .hidden __divsi3
000000a0 g       .highcodelalign	00000000 _highcode_lma
00000232 g     F .text	00000132 SystemInit
00000796  w    F .text	00000048 printchar
00000000 g       .init	00000000 _sinit
000003cc  w      .text	00000000 DMA1_Channel3_IRQHandler
000003cc  w      .text	00000000 TIM1_UP_IRQHandler
000003cc  w      .text	00000000 WWDG_IRQHandler
000003cc  w      .text	00000000 TIM2_IRQHandler
20000800 g       .stack	00000000 _eusrstack
000000a0 g     F .text	0000000a .hidden __riscv_save_2
000003cc  w      .text	00000000 SW_Handler
000003cc  w      .text	00000000 TIM1_BRK_IRQHandler
000006b6 g     F .text	00000008 USART_SendData
0000074a g     F .text	0000004c _write
20000038 g       .data	00000000 _edata
20000050 g       .bss	00000000 _end
20000000 g       .highcode	00000000 _highcode_vma_end
00000d6c g       .dlalign	00000000 _data_lma
00000364 g     F .text	00000068 SystemCoreClockUpdate
0000010c g     F .text	00000024 .hidden __modsi3
000003cc  w      .text	00000000 DMA1_Channel2_IRQHandler
000003ce  w      .text	00000000 handle_reset
000003cc  w      .text	00000000 FLASH_IRQHandler
000000a0 g     F .text	0000000a .hidden __riscv_save_0
000003cc  w      .text	00000000 USART1_IRQHandler
20000038 g     O .bss	00000010 device
000003cc  w      .text	00000000 I2C1_ER_IRQHandler
0000050e g     F .text	00000006 NVIC_PriorityGroupConfig
000000aa g     F .text	0000000a .hidden __riscv_restore_1



Disassembly of section .init:

00000000 <_sinit>:
   0:	3ce0006f          	j	3ce <handle_reset>
   4:	0000                	unimp
   6:	0000                	unimp
   8:	0132                	slli	sp,sp,0xc
   a:	0000                	unimp
   c:	0134                	addi	a3,sp,136
	...
  2e:	0000                	unimp
  30:	03cc                	addi	a1,sp,452
  32:	0000                	unimp
  34:	0000                	unimp
  36:	0000                	unimp
  38:	03cc                	addi	a1,sp,452
  3a:	0000                	unimp
  3c:	0000                	unimp
  3e:	0000                	unimp
  40:	03cc                	addi	a1,sp,452
  42:	0000                	unimp
  44:	03cc                	addi	a1,sp,452
  46:	0000                	unimp
  48:	03cc                	addi	a1,sp,452
  4a:	0000                	unimp
  4c:	03cc                	addi	a1,sp,452
  4e:	0000                	unimp
  50:	03cc                	addi	a1,sp,452
  52:	0000                	unimp
  54:	03cc                	addi	a1,sp,452
  56:	0000                	unimp
  58:	03cc                	addi	a1,sp,452
  5a:	0000                	unimp
  5c:	03cc                	addi	a1,sp,452
  5e:	0000                	unimp
  60:	03cc                	addi	a1,sp,452
  62:	0000                	unimp
  64:	03cc                	addi	a1,sp,452
  66:	0000                	unimp
  68:	03cc                	addi	a1,sp,452
  6a:	0000                	unimp
  6c:	03cc                	addi	a1,sp,452
  6e:	0000                	unimp
  70:	03cc                	addi	a1,sp,452
  72:	0000                	unimp
  74:	03cc                	addi	a1,sp,452
  76:	0000                	unimp
  78:	03cc                	addi	a1,sp,452
  7a:	0000                	unimp
  7c:	03cc                	addi	a1,sp,452
  7e:	0000                	unimp
  80:	03cc                	addi	a1,sp,452
  82:	0000                	unimp
  84:	03cc                	addi	a1,sp,452
  86:	0000                	unimp
  88:	03cc                	addi	a1,sp,452
  8a:	0000                	unimp
  8c:	03cc                	addi	a1,sp,452
  8e:	0000                	unimp
  90:	03cc                	addi	a1,sp,452
  92:	0000                	unimp
  94:	03cc                	addi	a1,sp,452
  96:	0000                	unimp
  98:	03cc                	addi	a1,sp,452
  9a:	0000                	unimp
  9c:	0000                	unimp
	...

Disassembly of section .text:

000000a0 <__riscv_save_0>:
  a0:	1151                	addi	sp,sp,-12
  a2:	c026                	sw	s1,0(sp)
  a4:	c222                	sw	s0,4(sp)
  a6:	c406                	sw	ra,8(sp)
  a8:	8282                	jr	t0

000000aa <__riscv_restore_0>:
  aa:	4482                	lw	s1,0(sp)
  ac:	4412                	lw	s0,4(sp)
  ae:	40a2                	lw	ra,8(sp)
  b0:	0131                	addi	sp,sp,12
  b2:	8082                	ret

000000b4 <__divsi3>:
  b4:	02054e63          	bltz	a0,f0 <__umodsi3+0x8>
  b8:	0405c363          	bltz	a1,fe <__umodsi3+0x16>

000000bc <__udivsi3>:
  bc:	862e                	mv	a2,a1
  be:	85aa                	mv	a1,a0
  c0:	557d                	li	a0,-1
  c2:	c215                	beqz	a2,e6 <__udivsi3+0x2a>
  c4:	4685                	li	a3,1
  c6:	00b67863          	bgeu	a2,a1,d6 <__udivsi3+0x1a>
  ca:	00c05663          	blez	a2,d6 <__udivsi3+0x1a>
  ce:	0606                	slli	a2,a2,0x1
  d0:	0686                	slli	a3,a3,0x1
  d2:	feb66ce3          	bltu	a2,a1,ca <__udivsi3+0xe>
  d6:	4501                	li	a0,0
  d8:	00c5e463          	bltu	a1,a2,e0 <__udivsi3+0x24>
  dc:	8d91                	sub	a1,a1,a2
  de:	8d55                	or	a0,a0,a3
  e0:	8285                	srli	a3,a3,0x1
  e2:	8205                	srli	a2,a2,0x1
  e4:	faf5                	bnez	a3,d8 <__udivsi3+0x1c>
  e6:	8082                	ret

000000e8 <__umodsi3>:
  e8:	8286                	mv	t0,ra
  ea:	3fc9                	jal	bc <__udivsi3>
  ec:	852e                	mv	a0,a1
  ee:	8282                	jr	t0
  f0:	40a00533          	neg	a0,a0
  f4:	0005d763          	bgez	a1,102 <__stack_size+0x2>
  f8:	40b005b3          	neg	a1,a1
  fc:	b7c1                	j	bc <__udivsi3>
  fe:	40b005b3          	neg	a1,a1
 102:	8286                	mv	t0,ra
 104:	3f65                	jal	bc <__udivsi3>
 106:	40a00533          	neg	a0,a0
 10a:	8282                	jr	t0

0000010c <__modsi3>:
 10c:	8286                	mv	t0,ra
 10e:	0005c763          	bltz	a1,11c <__modsi3+0x10>
 112:	00054963          	bltz	a0,124 <__modsi3+0x18>
 116:	375d                	jal	bc <__udivsi3>
 118:	852e                	mv	a0,a1
 11a:	8282                	jr	t0
 11c:	40b005b3          	neg	a1,a1
 120:	fe055be3          	bgez	a0,116 <__modsi3+0xa>
 124:	40a00533          	neg	a0,a0
 128:	3f51                	jal	bc <__udivsi3>
 12a:	40b00533          	neg	a0,a1
 12e:	8282                	jr	t0
	...

00000132 <NMI_Handler>:
 132:	a001                	j	132 <NMI_Handler>

00000134 <HardFault_Handler>:
 134:	beef07b7          	lui	a5,0xbeef0
 138:	e000e737          	lui	a4,0xe000e
 13c:	08078793          	addi	a5,a5,128 # beef0080 <__global_pointer$+0x9eeef848>
 140:	c73c                	sw	a5,72(a4)
 142:	a001                	j	142 <HardFault_Handler+0xe>

00000144 <USART1_Init>:
 144:	f5dff2ef          	jal	t0,a0 <__riscv_save_0>
 148:	6511                	lui	a0,0x4
 14a:	1111                	addi	sp,sp,-28
 14c:	4585                	li	a1,1
 14e:	02050513          	addi	a0,a0,32 # 4020 <_data_lma+0x32b4>
 152:	c002                	sw	zero,0(sp)
 154:	c202                	sw	zero,4(sp)
 156:	c402                	sw	zero,8(sp)
 158:	c602                	sw	zero,12(sp)
 15a:	c802                	sw	zero,16(sp)
 15c:	ca02                	sw	zero,20(sp)
 15e:	cc02                	sw	zero,24(sp)
 160:	218d                	jal	5c2 <RCC_APB2PeriphClockCmd>
 162:	40011437          	lui	s0,0x40011
 166:	02000793          	li	a5,32
 16a:	807c                	sh	a5,0(sp)
 16c:	448d                	li	s1,3
 16e:	47e1                	li	a5,24
 170:	858a                	mv	a1,sp
 172:	40040513          	addi	a0,s0,1024 # 40011400 <__global_pointer$+0x20010bc8>
 176:	c226                	sw	s1,4(sp)
 178:	c43e                	sw	a5,8(sp)
 17a:	2639                	jal	488 <GPIO_Init>
 17c:	04000793          	li	a5,64
 180:	807c                	sh	a5,0(sp)
 182:	858a                	mv	a1,sp
 184:	4791                	li	a5,4
 186:	40040513          	addi	a0,s0,1024
 18a:	c226                	sw	s1,4(sp)
 18c:	c43e                	sw	a5,8(sp)
 18e:	2ced                	jal	488 <GPIO_Init>
 190:	67f1                	lui	a5,0x1c
 192:	40014437          	lui	s0,0x40014
 196:	20078793          	addi	a5,a5,512 # 1c200 <_data_lma+0x1b494>
 19a:	c63e                	sw	a5,12(sp)
 19c:	006c                	addi	a1,sp,12
 19e:	000c07b7          	lui	a5,0xc0
 1a2:	80040513          	addi	a0,s0,-2048 # 40013800 <__global_pointer$+0x20012fc8>
 1a6:	ca3e                	sw	a5,20(sp)
 1a8:	c802                	sw	zero,16(sp)
 1aa:	00011c23          	sh	zero,24(sp)
 1ae:	290d                	jal	5e0 <USART_Init>
 1b0:	4585                	li	a1,1
 1b2:	80040513          	addi	a0,s0,-2048
 1b6:	21ed                	jal	6a0 <USART_Cmd>
 1b8:	0171                	addi	sp,sp,28
 1ba:	bdc5                	j	aa <__riscv_restore_0>

000001bc <Pinout_Init>:
 1bc:	ee5ff2ef          	jal	t0,a0 <__riscv_save_0>
 1c0:	1151                	addi	sp,sp,-12
 1c2:	4585                	li	a1,1
 1c4:	02000513          	li	a0,32
 1c8:	c002                	sw	zero,0(sp)
 1ca:	c202                	sw	zero,4(sp)
 1cc:	c402                	sw	zero,8(sp)
 1ce:	2ed5                	jal	5c2 <RCC_APB2PeriphClockCmd>
 1d0:	47c1                	li	a5,16
 1d2:	807c                	sh	a5,0(sp)
 1d4:	40011537          	lui	a0,0x40011
 1d8:	478d                	li	a5,3
 1da:	c23e                	sw	a5,4(sp)
 1dc:	858a                	mv	a1,sp
 1de:	47e1                	li	a5,24
 1e0:	40050513          	addi	a0,a0,1024 # 40011400 <__global_pointer$+0x20010bc8>
 1e4:	c43e                	sw	a5,8(sp)
 1e6:	244d                	jal	488 <GPIO_Init>
 1e8:	0131                	addi	sp,sp,12
 1ea:	b5c1                	j	aa <__riscv_restore_0>

000001ec <main>:
 1ec:	eb5ff2ef          	jal	t0,a0 <__riscv_save_0>
 1f0:	4505                	li	a0,1
 1f2:	2e31                	jal	50e <NVIC_PriorityGroupConfig>
 1f4:	2a85                	jal	364 <SystemCoreClockUpdate>
 1f6:	29c9                	jal	6c8 <Delay_Init>
 1f8:	6571                	lui	a0,0x1c
 1fa:	20050513          	addi	a0,a0,512 # 1c200 <_data_lma+0x1b494>
 1fe:	29ed                	jal	6f8 <USART_Printf_Init>
 200:	2cbd                	jal	47e <DBGMCU_GetCHIPID>
 202:	200007b7          	lui	a5,0x20000
 206:	03878793          	addi	a5,a5,56 # 20000038 <_edata>
 20a:	85aa                	mv	a1,a0
 20c:	c388                	sw	a0,0(a5)
 20e:	00001537          	lui	a0,0x1
 212:	d5050513          	addi	a0,a0,-688 # d50 <printf+0x24>
 216:	00078223          	sb	zero,4(a5)
 21a:	313000ef          	jal	ra,d2c <printf>
 21e:	371d                	jal	144 <USART1_Init>
 220:	3f71                	jal	1bc <Pinout_Init>
 222:	40011537          	lui	a0,0x40011
 226:	4601                	li	a2,0
 228:	45c1                	li	a1,16
 22a:	40050513          	addi	a0,a0,1024 # 40011400 <__global_pointer$+0x20010bc8>
 22e:	2cd9                	jal	504 <GPIO_WriteBit>
 230:	a001                	j	230 <main+0x44>

00000232 <SystemInit>:
 232:	e6fff2ef          	jal	t0,a0 <__riscv_save_0>
 236:	40021437          	lui	s0,0x40021
 23a:	401c                	lw	a5,0(s0)
 23c:	f8ff0737          	lui	a4,0xf8ff0
 240:	1161                	addi	sp,sp,-8
 242:	0017e793          	ori	a5,a5,1
 246:	c01c                	sw	a5,0(s0)
 248:	405c                	lw	a5,4(s0)
 24a:	4541                	li	a0,16
 24c:	8ff9                	and	a5,a5,a4
 24e:	c05c                	sw	a5,4(s0)
 250:	401c                	lw	a5,0(s0)
 252:	fef70737          	lui	a4,0xfef70
 256:	177d                	addi	a4,a4,-1
 258:	8ff9                	and	a5,a5,a4
 25a:	c01c                	sw	a5,0(s0)
 25c:	401c                	lw	a5,0(s0)
 25e:	fffc0737          	lui	a4,0xfffc0
 262:	177d                	addi	a4,a4,-1
 264:	8ff9                	and	a5,a5,a4
 266:	c01c                	sw	a5,0(s0)
 268:	405c                	lw	a5,4(s0)
 26a:	7741                	lui	a4,0xffff0
 26c:	177d                	addi	a4,a4,-1
 26e:	8ff9                	and	a5,a5,a4
 270:	c05c                	sw	a5,4(s0)
 272:	009f07b7          	lui	a5,0x9f0
 276:	c41c                	sw	a5,8(s0)
 278:	2c71                	jal	514 <RCC_AdjustHSICalibrationValue>
 27a:	4c1c                	lw	a5,24(s0)
 27c:	00020637          	lui	a2,0x20
 280:	0207e793          	ori	a5,a5,32
 284:	cc1c                	sw	a5,24(s0)
 286:	400117b7          	lui	a5,0x40011
 28a:	4007a703          	lw	a4,1024(a5) # 40011400 <__global_pointer$+0x20010bc8>
 28e:	40078693          	addi	a3,a5,1024
 292:	f0f77713          	andi	a4,a4,-241
 296:	40e7a023          	sw	a4,1024(a5)
 29a:	4007a703          	lw	a4,1024(a5)
 29e:	08076713          	ori	a4,a4,128
 2a2:	40e7a023          	sw	a4,1024(a5)
 2a6:	4789                	li	a5,2
 2a8:	ca9c                	sw	a5,16(a3)
 2aa:	c002                	sw	zero,0(sp)
 2ac:	c202                	sw	zero,4(sp)
 2ae:	4c1c                	lw	a5,24(s0)
 2b0:	40010737          	lui	a4,0x40010
 2b4:	66a1                	lui	a3,0x8
 2b6:	0017e793          	ori	a5,a5,1
 2ba:	cc1c                	sw	a5,24(s0)
 2bc:	435c                	lw	a5,4(a4)
 2be:	8fd5                	or	a5,a5,a3
 2c0:	c35c                	sw	a5,4(a4)
 2c2:	401c                	lw	a5,0(s0)
 2c4:	6741                	lui	a4,0x10
 2c6:	400216b7          	lui	a3,0x40021
 2ca:	8fd9                	or	a5,a5,a4
 2cc:	c01c                	sw	a5,0(s0)
 2ce:	6709                	lui	a4,0x2
 2d0:	429c                	lw	a5,0(a3)
 2d2:	8ff1                	and	a5,a5,a2
 2d4:	c23e                	sw	a5,4(sp)
 2d6:	4782                	lw	a5,0(sp)
 2d8:	0785                	addi	a5,a5,1
 2da:	c03e                	sw	a5,0(sp)
 2dc:	4792                	lw	a5,4(sp)
 2de:	e781                	bnez	a5,2e6 <SystemInit+0xb4>
 2e0:	4782                	lw	a5,0(sp)
 2e2:	fee797e3          	bne	a5,a4,2d0 <SystemInit+0x9e>
 2e6:	400217b7          	lui	a5,0x40021
 2ea:	439c                	lw	a5,0(a5)
 2ec:	00e79713          	slli	a4,a5,0xe
 2f0:	06075863          	bgez	a4,360 <SystemInit+0x12e>
 2f4:	4785                	li	a5,1
 2f6:	c23e                	sw	a5,4(sp)
 2f8:	4712                	lw	a4,4(sp)
 2fa:	4785                	li	a5,1
 2fc:	06f71063          	bne	a4,a5,35c <SystemInit+0x12a>
 300:	400227b7          	lui	a5,0x40022
 304:	4398                	lw	a4,0(a5)
 306:	76c1                	lui	a3,0xffff0
 308:	16fd                	addi	a3,a3,-1
 30a:	9b71                	andi	a4,a4,-4
 30c:	c398                	sw	a4,0(a5)
 30e:	4398                	lw	a4,0(a5)
 310:	00176713          	ori	a4,a4,1
 314:	c398                	sw	a4,0(a5)
 316:	400217b7          	lui	a5,0x40021
 31a:	43d8                	lw	a4,4(a5)
 31c:	c3d8                	sw	a4,4(a5)
 31e:	43d8                	lw	a4,4(a5)
 320:	8f75                	and	a4,a4,a3
 322:	c3d8                	sw	a4,4(a5)
 324:	43d8                	lw	a4,4(a5)
 326:	66c1                	lui	a3,0x10
 328:	8f55                	or	a4,a4,a3
 32a:	c3d8                	sw	a4,4(a5)
 32c:	4398                	lw	a4,0(a5)
 32e:	010006b7          	lui	a3,0x1000
 332:	8f55                	or	a4,a4,a3
 334:	c398                	sw	a4,0(a5)
 336:	4398                	lw	a4,0(a5)
 338:	00671693          	slli	a3,a4,0x6
 33c:	fe06dde3          	bgez	a3,336 <SystemInit+0x104>
 340:	43d8                	lw	a4,4(a5)
 342:	400216b7          	lui	a3,0x40021
 346:	9b71                	andi	a4,a4,-4
 348:	c3d8                	sw	a4,4(a5)
 34a:	43d8                	lw	a4,4(a5)
 34c:	00276713          	ori	a4,a4,2
 350:	c3d8                	sw	a4,4(a5)
 352:	4721                	li	a4,8
 354:	42dc                	lw	a5,4(a3)
 356:	8bb1                	andi	a5,a5,12
 358:	fee79ee3          	bne	a5,a4,354 <SystemInit+0x122>
 35c:	0121                	addi	sp,sp,8
 35e:	b3b1                	j	aa <__riscv_restore_0>
 360:	c202                	sw	zero,4(sp)
 362:	bf59                	j	2f8 <SystemInit+0xc6>

00000364 <SystemCoreClockUpdate>:
 364:	d3dff2ef          	jal	t0,a0 <__riscv_save_0>
 368:	40021737          	lui	a4,0x40021
 36c:	435c                	lw	a5,4(a4)
 36e:	20000437          	lui	s0,0x20000
 372:	4691                	li	a3,4
 374:	8bb1                	andi	a5,a5,12
 376:	01040413          	addi	s0,s0,16 # 20000010 <SystemCoreClock>
 37a:	00d78563          	beq	a5,a3,384 <SystemCoreClockUpdate+0x20>
 37e:	46a1                	li	a3,8
 380:	04d78063          	beq	a5,a3,3c0 <SystemCoreClockUpdate+0x5c>
 384:	016e37b7          	lui	a5,0x16e3
 388:	60078793          	addi	a5,a5,1536 # 16e3600 <_data_lma+0x16e2894>
 38c:	c01c                	sw	a5,0(s0)
 38e:	400216b7          	lui	a3,0x40021
 392:	42dc                	lw	a5,4(a3)
 394:	4008                	lw	a0,0(s0)
 396:	8391                	srli	a5,a5,0x4
 398:	00f7f713          	andi	a4,a5,15
 39c:	200007b7          	lui	a5,0x20000
 3a0:	00078793          	mv	a5,a5
 3a4:	97ba                	add	a5,a5,a4
 3a6:	238c                	lbu	a1,0(a5)
 3a8:	42dc                	lw	a5,4(a3)
 3aa:	0ff5f593          	andi	a1,a1,255
 3ae:	0807f793          	andi	a5,a5,128
 3b2:	00b55733          	srl	a4,a0,a1
 3b6:	e399                	bnez	a5,3bc <SystemCoreClockUpdate+0x58>
 3b8:	3311                	jal	bc <__udivsi3>
 3ba:	872a                	mv	a4,a0
 3bc:	c018                	sw	a4,0(s0)
 3be:	b1f5                	j	aa <__riscv_restore_0>
 3c0:	435c                	lw	a5,4(a4)
 3c2:	02dc77b7          	lui	a5,0x2dc7
 3c6:	c0078793          	addi	a5,a5,-1024 # 2dc6c00 <_data_lma+0x2dc5e94>
 3ca:	b7c9                	j	38c <SystemCoreClockUpdate+0x28>

000003cc <ADC1_IRQHandler>:
 3cc:	a001                	j	3cc <ADC1_IRQHandler>

000003ce <handle_reset>:
 3ce:	20000197          	auipc	gp,0x20000
 3d2:	46a18193          	addi	gp,gp,1130 # 20000838 <__global_pointer$>
 3d6:	fc818113          	addi	sp,gp,-56 # 20000800 <_eusrstack>
 3da:	0a000513          	li	a0,160
 3de:	20000597          	auipc	a1,0x20000
 3e2:	c2258593          	addi	a1,a1,-990 # 20000000 <_highcode_vma_end>
 3e6:	20000617          	auipc	a2,0x20000
 3ea:	c1a60613          	addi	a2,a2,-998 # 20000000 <_highcode_vma_end>
 3ee:	00c5fa63          	bgeu	a1,a2,402 <handle_reset+0x34>
 3f2:	00052283          	lw	t0,0(a0)
 3f6:	0055a023          	sw	t0,0(a1)
 3fa:	0511                	addi	a0,a0,4
 3fc:	0591                	addi	a1,a1,4
 3fe:	fec5eae3          	bltu	a1,a2,3f2 <handle_reset+0x24>
 402:	00001517          	auipc	a0,0x1
 406:	96a50513          	addi	a0,a0,-1686 # d6c <_data_lma>
 40a:	20000597          	auipc	a1,0x20000
 40e:	bf658593          	addi	a1,a1,-1034 # 20000000 <_highcode_vma_end>
 412:	20000617          	auipc	a2,0x20000
 416:	c2660613          	addi	a2,a2,-986 # 20000038 <_edata>
 41a:	00c5fa63          	bgeu	a1,a2,42e <handle_reset+0x60>
 41e:	00052283          	lw	t0,0(a0)
 422:	0055a023          	sw	t0,0(a1)
 426:	0511                	addi	a0,a0,4
 428:	0591                	addi	a1,a1,4
 42a:	fec5eae3          	bltu	a1,a2,41e <handle_reset+0x50>
 42e:	20000517          	auipc	a0,0x20000
 432:	c0a50513          	addi	a0,a0,-1014 # 20000038 <_edata>
 436:	81818593          	addi	a1,gp,-2024 # 20000050 <_ebss>
 43a:	00b57763          	bgeu	a0,a1,448 <handle_reset+0x7a>
 43e:	00052023          	sw	zero,0(a0)
 442:	0511                	addi	a0,a0,4
 444:	feb56de3          	bltu	a0,a1,43e <handle_reset+0x70>
 448:	000022b7          	lui	t0,0x2
 44c:	88028293          	addi	t0,t0,-1920 # 1880 <_data_lma+0xb14>
 450:	30029073          	csrw	mstatus,t0
 454:	428d                	li	t0,3
 456:	80429073          	csrw	0x804,t0
 45a:	00000297          	auipc	t0,0x0
 45e:	ba628293          	addi	t0,t0,-1114 # 0 <_sinit>
 462:	0032e293          	ori	t0,t0,3
 466:	30529073          	csrw	mtvec,t0
 46a:	dc9ff0ef          	jal	ra,232 <SystemInit>
 46e:	00000297          	auipc	t0,0x0
 472:	d7e28293          	addi	t0,t0,-642 # 1ec <main>
 476:	34129073          	csrw	mepc,t0
 47a:	30200073          	mret

0000047e <DBGMCU_GetCHIPID>:
 47e:	1ffff7b7          	lui	a5,0x1ffff
 482:	7c47a503          	lw	a0,1988(a5) # 1ffff7c4 <_data_lma+0x1fffea58>
 486:	8082                	ret

00000488 <GPIO_Init>:
 488:	4594                	lw	a3,8(a1)
 48a:	0106f793          	andi	a5,a3,16
 48e:	00f6f293          	andi	t0,a3,15
 492:	c781                	beqz	a5,49a <GPIO_Init+0x12>
 494:	41dc                	lw	a5,4(a1)
 496:	00f2e2b3          	or	t0,t0,a5
 49a:	0005d383          	lhu	t2,0(a1)
 49e:	0ff3f793          	andi	a5,t2,255
 4a2:	c3a5                	beqz	a5,502 <GPIO_Init+0x7a>
 4a4:	00052303          	lw	t1,0(a0)
 4a8:	1161                	addi	sp,sp,-8
 4aa:	c222                	sw	s0,4(sp)
 4ac:	c026                	sw	s1,0(sp)
 4ae:	4781                	li	a5,0
 4b0:	02800413          	li	s0,40
 4b4:	04800493          	li	s1,72
 4b8:	4705                	li	a4,1
 4ba:	00f71633          	sll	a2,a4,a5
 4be:	00c3f733          	and	a4,t2,a2
 4c2:	02e61263          	bne	a2,a4,4e6 <GPIO_Init+0x5e>
 4c6:	00279593          	slli	a1,a5,0x2
 4ca:	473d                	li	a4,15
 4cc:	00b71733          	sll	a4,a4,a1
 4d0:	fff74713          	not	a4,a4
 4d4:	00677333          	and	t1,a4,t1
 4d8:	00b295b3          	sll	a1,t0,a1
 4dc:	0065e333          	or	t1,a1,t1
 4e0:	00869d63          	bne	a3,s0,4fa <GPIO_Init+0x72>
 4e4:	c950                	sw	a2,20(a0)
 4e6:	0785                	addi	a5,a5,1
 4e8:	4721                	li	a4,8
 4ea:	fce797e3          	bne	a5,a4,4b8 <GPIO_Init+0x30>
 4ee:	4412                	lw	s0,4(sp)
 4f0:	00652023          	sw	t1,0(a0)
 4f4:	4482                	lw	s1,0(sp)
 4f6:	0121                	addi	sp,sp,8
 4f8:	8082                	ret
 4fa:	fe9696e3          	bne	a3,s1,4e6 <GPIO_Init+0x5e>
 4fe:	c910                	sw	a2,16(a0)
 500:	b7dd                	j	4e6 <GPIO_Init+0x5e>
 502:	8082                	ret

00000504 <GPIO_WriteBit>:
 504:	c219                	beqz	a2,50a <GPIO_WriteBit+0x6>
 506:	c90c                	sw	a1,16(a0)
 508:	8082                	ret
 50a:	c94c                	sw	a1,20(a0)
 50c:	8082                	ret

0000050e <NVIC_PriorityGroupConfig>:
 50e:	80a1a823          	sw	a0,-2032(gp) # 20000048 <NVIC_Priority_Group>
 512:	8082                	ret

00000514 <RCC_AdjustHSICalibrationValue>:
 514:	40021737          	lui	a4,0x40021
 518:	431c                	lw	a5,0(a4)
 51a:	050e                	slli	a0,a0,0x3
 51c:	f077f793          	andi	a5,a5,-249
 520:	8d5d                	or	a0,a0,a5
 522:	c308                	sw	a0,0(a4)
 524:	8082                	ret

00000526 <RCC_GetClocksFreq>:
 526:	b7bff2ef          	jal	t0,a0 <__riscv_save_0>
 52a:	40021737          	lui	a4,0x40021
 52e:	435c                	lw	a5,4(a4)
 530:	4691                	li	a3,4
 532:	842a                	mv	s0,a0
 534:	8bb1                	andi	a5,a5,12
 536:	00d78563          	beq	a5,a3,540 <RCC_GetClocksFreq+0x1a>
 53a:	46a1                	li	a3,8
 53c:	06d78d63          	beq	a5,a3,5b6 <RCC_GetClocksFreq+0x90>
 540:	016e37b7          	lui	a5,0x16e3
 544:	60078793          	addi	a5,a5,1536 # 16e3600 <_data_lma+0x16e2894>
 548:	c01c                	sw	a5,0(s0)
 54a:	400216b7          	lui	a3,0x40021
 54e:	42dc                	lw	a5,4(a3)
 550:	8391                	srli	a5,a5,0x4
 552:	00f7f713          	andi	a4,a5,15
 556:	200007b7          	lui	a5,0x20000
 55a:	02878793          	addi	a5,a5,40 # 20000028 <APBAHBPrescTable>
 55e:	97ba                	add	a5,a5,a4
 560:	238c                	lbu	a1,0(a5)
 562:	42dc                	lw	a5,4(a3)
 564:	4018                	lw	a4,0(s0)
 566:	0ff5f593          	andi	a1,a1,255
 56a:	0807f793          	andi	a5,a5,128
 56e:	00b75533          	srl	a0,a4,a1
 572:	e399                	bnez	a5,578 <RCC_GetClocksFreq+0x52>
 574:	853a                	mv	a0,a4
 576:	3699                	jal	bc <__udivsi3>
 578:	c048                	sw	a0,4(s0)
 57a:	c408                	sw	a0,8(s0)
 57c:	c448                	sw	a0,12(s0)
 57e:	400217b7          	lui	a5,0x40021
 582:	43dc                	lw	a5,4(a5)
 584:	468d                	li	a3,3
 586:	83ad                	srli	a5,a5,0xb
 588:	8bfd                	andi	a5,a5,31
 58a:	0037d713          	srli	a4,a5,0x3
 58e:	078a                	slli	a5,a5,0x2
 590:	8bf1                	andi	a5,a5,28
 592:	8fd9                	or	a5,a5,a4
 594:	0137f613          	andi	a2,a5,19
 598:	0037f713          	andi	a4,a5,3
 59c:	00c6f463          	bgeu	a3,a2,5a4 <RCC_GetClocksFreq+0x7e>
 5a0:	ff478713          	addi	a4,a5,-12 # 40020ff4 <__global_pointer$+0x200207bc>
 5a4:	200007b7          	lui	a5,0x20000
 5a8:	01478793          	addi	a5,a5,20 # 20000014 <ADCPrescTable>
 5ac:	97ba                	add	a5,a5,a4
 5ae:	238c                	lbu	a1,0(a5)
 5b0:	3631                	jal	bc <__udivsi3>
 5b2:	c808                	sw	a0,16(s0)
 5b4:	bcdd                	j	aa <__riscv_restore_0>
 5b6:	435c                	lw	a5,4(a4)
 5b8:	02dc77b7          	lui	a5,0x2dc7
 5bc:	c0078793          	addi	a5,a5,-1024 # 2dc6c00 <_data_lma+0x2dc5e94>
 5c0:	b761                	j	548 <RCC_GetClocksFreq+0x22>

000005c2 <RCC_APB2PeriphClockCmd>:
 5c2:	c599                	beqz	a1,5d0 <RCC_APB2PeriphClockCmd+0xe>
 5c4:	40021737          	lui	a4,0x40021
 5c8:	4f1c                	lw	a5,24(a4)
 5ca:	8d5d                	or	a0,a0,a5
 5cc:	cf08                	sw	a0,24(a4)
 5ce:	8082                	ret
 5d0:	400217b7          	lui	a5,0x40021
 5d4:	4f98                	lw	a4,24(a5)
 5d6:	fff54513          	not	a0,a0
 5da:	8d79                	and	a0,a0,a4
 5dc:	cf88                	sw	a0,24(a5)
 5de:	8082                	ret

000005e0 <USART_Init>:
 5e0:	ac1ff2ef          	jal	t0,a0 <__riscv_save_0>
 5e4:	2916                	lhu	a3,16(a0)
 5e6:	77f5                	lui	a5,0xffffd
 5e8:	17fd                	addi	a5,a5,-1
 5ea:	8ff5                	and	a5,a5,a3
 5ec:	21f6                	lhu	a3,6(a1)
 5ee:	25da                	lhu	a4,12(a1)
 5f0:	1121                	addi	sp,sp,-24
 5f2:	8fd5                	or	a5,a5,a3
 5f4:	a91e                	sh	a5,16(a0)
 5f6:	2556                	lhu	a3,12(a0)
 5f8:	77fd                	lui	a5,0xfffff
 5fa:	9f378793          	addi	a5,a5,-1549 # ffffe9f3 <__global_pointer$+0xdfffe1bb>
 5fe:	8ff5                	and	a5,a5,a3
 600:	21d6                	lhu	a3,4(a1)
 602:	842a                	mv	s0,a0
 604:	c02e                	sw	a1,0(sp)
 606:	8fd5                	or	a5,a5,a3
 608:	2596                	lhu	a3,8(a1)
 60a:	8fd5                	or	a5,a5,a3
 60c:	25b6                	lhu	a3,10(a1)
 60e:	8fd5                	or	a5,a5,a3
 610:	a55e                	sh	a5,12(a0)
 612:	295e                	lhu	a5,20(a0)
 614:	07c2                	slli	a5,a5,0x10
 616:	83c1                	srli	a5,a5,0x10
 618:	cff7f793          	andi	a5,a5,-769
 61c:	8f5d                	or	a4,a4,a5
 61e:	a95a                	sh	a4,20(a0)
 620:	0048                	addi	a0,sp,4
 622:	3711                	jal	526 <RCC_GetClocksFreq>
 624:	400147b7          	lui	a5,0x40014
 628:	80078793          	addi	a5,a5,-2048 # 40013800 <__global_pointer$+0x20012fc8>
 62c:	4582                	lw	a1,0(sp)
 62e:	04f41d63          	bne	s0,a5,688 <USART_Init+0xa8>
 632:	47c2                	lw	a5,16(sp)
 634:	245a                	lhu	a4,12(s0)
 636:	00179513          	slli	a0,a5,0x1
 63a:	953e                	add	a0,a0,a5
 63c:	0742                	slli	a4,a4,0x10
 63e:	050e                	slli	a0,a0,0x3
 640:	8741                	srai	a4,a4,0x10
 642:	953e                	add	a0,a0,a5
 644:	418c                	lw	a1,0(a1)
 646:	04075363          	bgez	a4,68c <USART_Init+0xac>
 64a:	0586                	slli	a1,a1,0x1
 64c:	3c85                	jal	bc <__udivsi3>
 64e:	06400593          	li	a1,100
 652:	c02a                	sw	a0,0(sp)
 654:	34a5                	jal	bc <__udivsi3>
 656:	4782                	lw	a5,0(sp)
 658:	00451493          	slli	s1,a0,0x4
 65c:	06400593          	li	a1,100
 660:	853e                	mv	a0,a5
 662:	3459                	jal	e8 <__umodsi3>
 664:	245e                	lhu	a5,12(s0)
 666:	07c2                	slli	a5,a5,0x10
 668:	87c1                	srai	a5,a5,0x10
 66a:	0207d363          	bgez	a5,690 <USART_Init+0xb0>
 66e:	050e                	slli	a0,a0,0x3
 670:	06400593          	li	a1,100
 674:	03250513          	addi	a0,a0,50
 678:	3491                	jal	bc <__udivsi3>
 67a:	891d                	andi	a0,a0,7
 67c:	8cc9                	or	s1,s1,a0
 67e:	04c2                	slli	s1,s1,0x10
 680:	80c1                	srli	s1,s1,0x10
 682:	a406                	sh	s1,8(s0)
 684:	0161                	addi	sp,sp,24
 686:	b415                	j	aa <__riscv_restore_0>
 688:	47b2                	lw	a5,12(sp)
 68a:	b76d                	j	634 <USART_Init+0x54>
 68c:	058a                	slli	a1,a1,0x2
 68e:	bf7d                	j	64c <USART_Init+0x6c>
 690:	0512                	slli	a0,a0,0x4
 692:	06400593          	li	a1,100
 696:	03250513          	addi	a0,a0,50
 69a:	340d                	jal	bc <__udivsi3>
 69c:	893d                	andi	a0,a0,15
 69e:	bff9                	j	67c <USART_Init+0x9c>

000006a0 <USART_Cmd>:
 6a0:	c591                	beqz	a1,6ac <USART_Cmd+0xc>
 6a2:	255e                	lhu	a5,12(a0)
 6a4:	6709                	lui	a4,0x2
 6a6:	8fd9                	or	a5,a5,a4
 6a8:	a55e                	sh	a5,12(a0)
 6aa:	8082                	ret
 6ac:	255a                	lhu	a4,12(a0)
 6ae:	77f9                	lui	a5,0xffffe
 6b0:	17fd                	addi	a5,a5,-1
 6b2:	8ff9                	and	a5,a5,a4
 6b4:	bfd5                	j	6a8 <USART_Cmd+0x8>

000006b6 <USART_SendData>:
 6b6:	1ff5f593          	andi	a1,a1,511
 6ba:	a14e                	sh	a1,4(a0)
 6bc:	8082                	ret

000006be <USART_GetFlagStatus>:
 6be:	210a                	lhu	a0,0(a0)
 6c0:	8d6d                	and	a0,a0,a1
 6c2:	00a03533          	snez	a0,a0
 6c6:	8082                	ret

000006c8 <Delay_Init>:
 6c8:	9d9ff2ef          	jal	t0,a0 <__riscv_save_0>
 6cc:	200007b7          	lui	a5,0x20000
 6d0:	0107a503          	lw	a0,16(a5) # 20000010 <SystemCoreClock>
 6d4:	007a15b7          	lui	a1,0x7a1
 6d8:	20058593          	addi	a1,a1,512 # 7a1200 <_data_lma+0x7a0494>
 6dc:	32c5                	jal	bc <__udivsi3>
 6de:	0ff57513          	andi	a0,a0,255
 6e2:	80a18b23          	sb	a0,-2026(gp) # 2000004e <p_us>
 6e6:	00551793          	slli	a5,a0,0x5
 6ea:	8f89                	sub	a5,a5,a0
 6ec:	078a                	slli	a5,a5,0x2
 6ee:	953e                	add	a0,a0,a5
 6f0:	050e                	slli	a0,a0,0x3
 6f2:	80a19a23          	sh	a0,-2028(gp) # 2000004c <p_ms>
 6f6:	ba55                	j	aa <__riscv_restore_0>

000006f8 <USART_Printf_Init>:
 6f8:	9a9ff2ef          	jal	t0,a0 <__riscv_save_0>
 6fc:	842a                	mv	s0,a0
 6fe:	6511                	lui	a0,0x4
 700:	1111                	addi	sp,sp,-28
 702:	4585                	li	a1,1
 704:	02050513          	addi	a0,a0,32 # 4020 <_data_lma+0x32b4>
 708:	3d6d                	jal	5c2 <RCC_APB2PeriphClockCmd>
 70a:	02000793          	li	a5,32
 70e:	807c                	sh	a5,0(sp)
 710:	40011537          	lui	a0,0x40011
 714:	478d                	li	a5,3
 716:	c23e                	sw	a5,4(sp)
 718:	858a                	mv	a1,sp
 71a:	47e1                	li	a5,24
 71c:	40050513          	addi	a0,a0,1024 # 40011400 <__global_pointer$+0x20010bc8>
 720:	c43e                	sw	a5,8(sp)
 722:	339d                	jal	488 <GPIO_Init>
 724:	c622                	sw	s0,12(sp)
 726:	40014437          	lui	s0,0x40014
 72a:	000807b7          	lui	a5,0x80
 72e:	006c                	addi	a1,sp,12
 730:	80040513          	addi	a0,s0,-2048 # 40013800 <__global_pointer$+0x20012fc8>
 734:	ca3e                	sw	a5,20(sp)
 736:	c802                	sw	zero,16(sp)
 738:	00011c23          	sh	zero,24(sp)
 73c:	3555                	jal	5e0 <USART_Init>
 73e:	4585                	li	a1,1
 740:	80040513          	addi	a0,s0,-2048
 744:	3fb1                	jal	6a0 <USART_Cmd>
 746:	0171                	addi	sp,sp,28
 748:	b28d                	j	aa <__riscv_restore_0>

0000074a <_write>:
 74a:	957ff2ef          	jal	t0,a0 <__riscv_save_0>
 74e:	1171                	addi	sp,sp,-4
 750:	84ae                	mv	s1,a1
 752:	4401                	li	s0,0
 754:	02c45d63          	bge	s0,a2,78e <_write+0x44>
 758:	400147b7          	lui	a5,0x40014
 75c:	80078713          	addi	a4,a5,-2048 # 40013800 <__global_pointer$+0x20012fc8>
 760:	853a                	mv	a0,a4
 762:	04000593          	li	a1,64
 766:	c032                	sw	a2,0(sp)
 768:	3f99                	jal	6be <USART_GetFlagStatus>
 76a:	400147b7          	lui	a5,0x40014
 76e:	80078713          	addi	a4,a5,-2048 # 40013800 <__global_pointer$+0x20012fc8>
 772:	4602                	lw	a2,0(sp)
 774:	d575                	beqz	a0,760 <_write+0x16>
 776:	00848733          	add	a4,s1,s0
 77a:	00070583          	lb	a1,0(a4) # 2000 <_data_lma+0x1294>
 77e:	80078513          	addi	a0,a5,-2048
 782:	0405                	addi	s0,s0,1
 784:	05c2                	slli	a1,a1,0x10
 786:	81c1                	srli	a1,a1,0x10
 788:	373d                	jal	6b6 <USART_SendData>
 78a:	4602                	lw	a2,0(sp)
 78c:	b7e1                	j	754 <_write+0xa>
 78e:	8532                	mv	a0,a2
 790:	0111                	addi	sp,sp,4
 792:	919ff06f          	j	aa <__riscv_restore_0>

00000796 <printchar>:
 796:	1141                	addi	sp,sp,-16
 798:	c606                	sw	ra,12(sp)
 79a:	c02e                	sw	a1,0(sp)
 79c:	cd0d                	beqz	a0,7d6 <printchar+0x40>
 79e:	4118                	lw	a4,0(a0)
 7a0:	87aa                	mv	a5,a0
 7a2:	c305                	beqz	a4,7c2 <printchar+0x2c>
 7a4:	4158                	lw	a4,4(a0)
 7a6:	557d                	li	a0,-1
 7a8:	cb11                	beqz	a4,7bc <printchar+0x26>
 7aa:	4685                	li	a3,1
 7ac:	00d71b63          	bne	a4,a3,7c2 <printchar+0x2c>
 7b0:	4798                	lw	a4,8(a5)
 7b2:	00070023          	sb	zero,0(a4)
 7b6:	0007a223          	sw	zero,4(a5)
 7ba:	4505                	li	a0,1
 7bc:	40b2                	lw	ra,12(sp)
 7be:	0141                	addi	sp,sp,16
 7c0:	8082                	ret
 7c2:	4798                	lw	a4,8(a5)
 7c4:	4682                	lw	a3,0(sp)
 7c6:	a314                	sb	a3,0(a4)
 7c8:	4798                	lw	a4,8(a5)
 7ca:	0705                	addi	a4,a4,1
 7cc:	c798                	sw	a4,8(a5)
 7ce:	43d8                	lw	a4,4(a5)
 7d0:	177d                	addi	a4,a4,-1
 7d2:	c3d8                	sw	a4,4(a5)
 7d4:	b7dd                	j	7ba <printchar+0x24>
 7d6:	4605                	li	a2,1
 7d8:	858a                	mv	a1,sp
 7da:	3f85                	jal	74a <_write>
 7dc:	bff9                	j	7ba <printchar+0x24>

000007de <prints>:
 7de:	1101                	addi	sp,sp,-32
 7e0:	cc22                	sw	s0,24(sp)
 7e2:	c22e                	sw	a1,4(sp)
 7e4:	ce06                	sw	ra,28(sp)
 7e6:	ca26                	sw	s1,20(sp)
 7e8:	842a                	mv	s0,a0
 7ea:	4781                	li	a5,0
 7ec:	02000593          	li	a1,32
 7f0:	02064563          	bltz	a2,81a <prints+0x3c>
 7f4:	4592                	lw	a1,4(sp)
 7f6:	95be                	add	a1,a1,a5
 7f8:	00058583          	lb	a1,0(a1)
 7fc:	e58d                	bnez	a1,826 <prints+0x48>
 7fe:	02c7d863          	bge	a5,a2,82e <prints+0x50>
 802:	02e7d463          	bge	a5,a4,82a <prints+0x4c>
 806:	8e19                	sub	a2,a2,a4
 808:	02000513          	li	a0,32
 80c:	0026f593          	andi	a1,a3,2
 810:	c02a                	sw	a0,0(sp)
 812:	c589                	beqz	a1,81c <prints+0x3e>
 814:	e701                	bnez	a4,81c <prints+0x3e>
 816:	03000593          	li	a1,48
 81a:	c02e                	sw	a1,0(sp)
 81c:	8a85                	andi	a3,a3,1
 81e:	4481                	li	s1,0
 820:	ea95                	bnez	a3,854 <prints+0x76>
 822:	84b2                	mv	s1,a2
 824:	a00d                	j	846 <prints+0x68>
 826:	0785                	addi	a5,a5,1
 828:	b7f1                	j	7f4 <prints+0x16>
 82a:	8e1d                	sub	a2,a2,a5
 82c:	bff1                	j	808 <prints+0x2a>
 82e:	4601                	li	a2,0
 830:	bfe1                	j	808 <prints+0x2a>
 832:	4582                	lw	a1,0(sp)
 834:	8522                	mv	a0,s0
 836:	c83a                	sw	a4,16(sp)
 838:	c632                	sw	a2,12(sp)
 83a:	c43e                	sw	a5,8(sp)
 83c:	3fa9                	jal	796 <printchar>
 83e:	47a2                	lw	a5,8(sp)
 840:	4632                	lw	a2,12(sp)
 842:	4742                	lw	a4,16(sp)
 844:	14fd                	addi	s1,s1,-1
 846:	fe9046e3          	bgtz	s1,832 <prints+0x54>
 84a:	84b2                	mv	s1,a2
 84c:	00065363          	bgez	a2,852 <prints+0x74>
 850:	4481                	li	s1,0
 852:	8e05                	sub	a2,a2,s1
 854:	02e7c763          	blt	a5,a4,882 <prints+0xa4>
 858:	87a6                	mv	a5,s1
 85a:	4692                	lw	a3,4(sp)
 85c:	40978733          	sub	a4,a5,s1
 860:	9736                	add	a4,a4,a3
 862:	00070583          	lb	a1,0(a4)
 866:	ed95                	bnez	a1,8a2 <prints+0xc4>
 868:	84b2                	mv	s1,a2
 86a:	04904463          	bgtz	s1,8b2 <prints+0xd4>
 86e:	00065363          	bgez	a2,874 <prints+0x96>
 872:	4601                	li	a2,0
 874:	40f2                	lw	ra,28(sp)
 876:	4462                	lw	s0,24(sp)
 878:	44d2                	lw	s1,20(sp)
 87a:	00f60533          	add	a0,a2,a5
 87e:	6105                	addi	sp,sp,32
 880:	8082                	ret
 882:	8f1d                	sub	a4,a4,a5
 884:	87ba                	mv	a5,a4
 886:	03000593          	li	a1,48
 88a:	8522                	mv	a0,s0
 88c:	c832                	sw	a2,16(sp)
 88e:	c63e                	sw	a5,12(sp)
 890:	c43a                	sw	a4,8(sp)
 892:	3711                	jal	796 <printchar>
 894:	47b2                	lw	a5,12(sp)
 896:	4722                	lw	a4,8(sp)
 898:	4642                	lw	a2,16(sp)
 89a:	17fd                	addi	a5,a5,-1
 89c:	f7ed                	bnez	a5,886 <prints+0xa8>
 89e:	94ba                	add	s1,s1,a4
 8a0:	bf65                	j	858 <prints+0x7a>
 8a2:	8522                	mv	a0,s0
 8a4:	c632                	sw	a2,12(sp)
 8a6:	c43e                	sw	a5,8(sp)
 8a8:	35fd                	jal	796 <printchar>
 8aa:	47a2                	lw	a5,8(sp)
 8ac:	4632                	lw	a2,12(sp)
 8ae:	0785                	addi	a5,a5,1
 8b0:	b76d                	j	85a <prints+0x7c>
 8b2:	4582                	lw	a1,0(sp)
 8b4:	8522                	mv	a0,s0
 8b6:	c432                	sw	a2,8(sp)
 8b8:	c23e                	sw	a5,4(sp)
 8ba:	3df1                	jal	796 <printchar>
 8bc:	14fd                	addi	s1,s1,-1
 8be:	4622                	lw	a2,8(sp)
 8c0:	4792                	lw	a5,4(sp)
 8c2:	b765                	j	86a <prints+0x8c>

000008c4 <printInt>:
 8c4:	7139                	addi	sp,sp,-64
 8c6:	de06                	sw	ra,60(sp)
 8c8:	dc22                	sw	s0,56(sp)
 8ca:	da26                	sw	s1,52(sp)
 8cc:	c23e                	sw	a5,4(sp)
 8ce:	8332                	mv	t1,a2
 8d0:	863a                	mv	a2,a4
 8d2:	ed89                	bnez	a1,8ec <printInt+0x28>
 8d4:	4692                	lw	a3,4(sp)
 8d6:	03000793          	li	a5,48
 8da:	4701                	li	a4,0
 8dc:	086c                	addi	a1,sp,28
 8de:	86fc                	sh	a5,28(sp)
 8e0:	3dfd                	jal	7de <prints>
 8e2:	50f2                	lw	ra,60(sp)
 8e4:	5462                	lw	s0,56(sp)
 8e6:	54d2                	lw	s1,52(sp)
 8e8:	6121                	addi	sp,sp,64
 8ea:	8082                	ret
 8ec:	84aa                	mv	s1,a0
 8ee:	8436                	mv	s0,a3
 8f0:	87ae                	mv	a5,a1
 8f2:	ca91                	beqz	a3,906 <printInt+0x42>
 8f4:	4729                	li	a4,10
 8f6:	4401                	li	s0,0
 8f8:	00e31763          	bne	t1,a4,906 <printInt+0x42>
 8fc:	0005d563          	bgez	a1,906 <printInt+0x42>
 900:	40b007b3          	neg	a5,a1
 904:	4405                	li	s0,1
 906:	4686                	lw	a3,64(sp)
 908:	020109a3          	sb	zero,51(sp)
 90c:	03310713          	addi	a4,sp,51
 910:	fc668693          	addi	a3,a3,-58 # 40020fc6 <__global_pointer$+0x2002078e>
 914:	c436                	sw	a3,8(sp)
 916:	859a                	mv	a1,t1
 918:	853e                	mv	a0,a5
 91a:	ca32                	sw	a2,20(sp)
 91c:	c83a                	sw	a4,16(sp)
 91e:	c61a                	sw	t1,12(sp)
 920:	c03e                	sw	a5,0(sp)
 922:	fc6ff0ef          	jal	ra,e8 <__umodsi3>
 926:	46a5                	li	a3,9
 928:	4782                	lw	a5,0(sp)
 92a:	4332                	lw	t1,12(sp)
 92c:	4742                	lw	a4,16(sp)
 92e:	4652                	lw	a2,20(sp)
 930:	00a6d463          	bge	a3,a0,938 <printInt+0x74>
 934:	46a2                	lw	a3,8(sp)
 936:	9536                	add	a0,a0,a3
 938:	03050513          	addi	a0,a0,48
 93c:	fff70693          	addi	a3,a4,-1
 940:	fea70fa3          	sb	a0,-1(a4)
 944:	859a                	mv	a1,t1
 946:	853e                	mv	a0,a5
 948:	cc32                	sw	a2,24(sp)
 94a:	ca3a                	sw	a4,20(sp)
 94c:	c81a                	sw	t1,16(sp)
 94e:	c63e                	sw	a5,12(sp)
 950:	c036                	sw	a3,0(sp)
 952:	f6aff0ef          	jal	ra,bc <__udivsi3>
 956:	47b2                	lw	a5,12(sp)
 958:	4342                	lw	t1,16(sp)
 95a:	4752                	lw	a4,20(sp)
 95c:	4662                	lw	a2,24(sp)
 95e:	0467f963          	bgeu	a5,t1,9b0 <printInt+0xec>
 962:	cc01                	beqz	s0,97a <printInt+0xb6>
 964:	ca29                	beqz	a2,9b6 <printInt+0xf2>
 966:	4792                	lw	a5,4(sp)
 968:	8b89                	andi	a5,a5,2
 96a:	c7b1                	beqz	a5,9b6 <printInt+0xf2>
 96c:	02d00593          	li	a1,45
 970:	8526                	mv	a0,s1
 972:	c432                	sw	a2,8(sp)
 974:	350d                	jal	796 <printchar>
 976:	4622                	lw	a2,8(sp)
 978:	167d                	addi	a2,a2,-1
 97a:	4792                	lw	a5,4(sp)
 97c:	8b91                	andi	a5,a5,4
 97e:	c395                	beqz	a5,9a2 <printInt+0xde>
 980:	4706                	lw	a4,64(sp)
 982:	06100793          	li	a5,97
 986:	c432                	sw	a2,8(sp)
 988:	03000593          	li	a1,48
 98c:	8526                	mv	a0,s1
 98e:	02f71e63          	bne	a4,a5,9ca <printInt+0x106>
 992:	3511                	jal	796 <printchar>
 994:	07800593          	li	a1,120
 998:	8526                	mv	a0,s1
 99a:	3bf5                	jal	796 <printchar>
 99c:	4622                	lw	a2,8(sp)
 99e:	0409                	addi	s0,s0,2
 9a0:	1679                	addi	a2,a2,-2
 9a2:	4716                	lw	a4,68(sp)
 9a4:	4692                	lw	a3,4(sp)
 9a6:	4582                	lw	a1,0(sp)
 9a8:	8526                	mv	a0,s1
 9aa:	3d15                	jal	7de <prints>
 9ac:	9522                	add	a0,a0,s0
 9ae:	bf15                	j	8e2 <printInt+0x1e>
 9b0:	87aa                	mv	a5,a0
 9b2:	4702                	lw	a4,0(sp)
 9b4:	b78d                	j	916 <printInt+0x52>
 9b6:	4682                	lw	a3,0(sp)
 9b8:	02d00793          	li	a5,45
 9bc:	4401                	li	s0,0
 9be:	fef68fa3          	sb	a5,-1(a3)
 9c2:	ffe70793          	addi	a5,a4,-2
 9c6:	c03e                	sw	a5,0(sp)
 9c8:	bf4d                	j	97a <printInt+0xb6>
 9ca:	33f1                	jal	796 <printchar>
 9cc:	05800593          	li	a1,88
 9d0:	b7e1                	j	998 <printInt+0xd4>

000009d2 <printLongLongInt>:
 9d2:	4501                	li	a0,0
 9d4:	8082                	ret

000009d6 <printDouble>:
 9d6:	4501                	li	a0,0
 9d8:	8082                	ret

000009da <print>:
 9da:	fd810113          	addi	sp,sp,-40
 9de:	d022                	sw	s0,32(sp)
 9e0:	ce26                	sw	s1,28(sp)
 9e2:	d206                	sw	ra,36(sp)
 9e4:	c42a                	sw	a0,8(sp)
 9e6:	82ae                	mv	t0,a1
 9e8:	8432                	mv	s0,a2
 9ea:	c602                	sw	zero,12(sp)
 9ec:	4481                	li	s1,0
 9ee:	00028583          	lb	a1,0(t0)
 9f2:	ed89                	bnez	a1,a0c <print+0x32>
 9f4:	47a2                	lw	a5,8(sp)
 9f6:	c781                	beqz	a5,9fe <print+0x24>
 9f8:	4581                	li	a1,0
 9fa:	853e                	mv	a0,a5
 9fc:	3b69                	jal	796 <printchar>
 9fe:	5092                	lw	ra,36(sp)
 a00:	5402                	lw	s0,32(sp)
 a02:	8526                	mv	a0,s1
 a04:	44f2                	lw	s1,28(sp)
 a06:	02810113          	addi	sp,sp,40
 a0a:	8082                	ret
 a0c:	02500793          	li	a5,37
 a10:	00f58863          	beq	a1,a5,a20 <print+0x46>
 a14:	4522                	lw	a0,8(sp)
 a16:	c816                	sw	t0,16(sp)
 a18:	0485                	addi	s1,s1,1
 a1a:	3bb5                	jal	796 <printchar>
 a1c:	42c2                	lw	t0,16(sp)
 a1e:	a839                	j	a3c <print+0x62>
 a20:	00128783          	lb	a5,1(t0)
 a24:	00128713          	addi	a4,t0,1
 a28:	00b79c63          	bne	a5,a1,a40 <print+0x66>
 a2c:	4522                	lw	a0,8(sp)
 a2e:	02500593          	li	a1,37
 a32:	c83a                	sw	a4,16(sp)
 a34:	338d                	jal	796 <printchar>
 a36:	4742                	lw	a4,16(sp)
 a38:	0485                	addi	s1,s1,1
 a3a:	82ba                	mv	t0,a4
 a3c:	0285                	addi	t0,t0,1
 a3e:	bf45                	j	9ee <print+0x14>
 a40:	dbd5                	beqz	a5,9f4 <print+0x1a>
 a42:	02b00693          	li	a3,43
 a46:	04d78963          	beq	a5,a3,a98 <print+0xbe>
 a4a:	00f6c863          	blt	a3,a5,a5a <print+0x80>
 a4e:	02300693          	li	a3,35
 a52:	04d78663          	beq	a5,a3,a9e <print+0xc4>
 a56:	4781                	li	a5,0
 a58:	a005                	j	a78 <print+0x9e>
 a5a:	02d00693          	li	a3,45
 a5e:	00d78a63          	beq	a5,a3,a72 <print+0x98>
 a62:	03000693          	li	a3,48
 a66:	fed798e3          	bne	a5,a3,a56 <print+0x7c>
 a6a:	00228713          	addi	a4,t0,2
 a6e:	4789                	li	a5,2
 a70:	a021                	j	a78 <print+0x9e>
 a72:	00228713          	addi	a4,t0,2
 a76:	4785                	li	a5,1
 a78:	00070683          	lb	a3,0(a4)
 a7c:	02b00613          	li	a2,43
 a80:	04c68363          	beq	a3,a2,ac6 <print+0xec>
 a84:	02d64163          	blt	a2,a3,aa6 <print+0xcc>
 a88:	02300613          	li	a2,35
 a8c:	02c68b63          	beq	a3,a2,ac2 <print+0xe8>
 a90:	82ba                	mv	t0,a4
 a92:	4501                	li	a0,0
 a94:	46a5                	li	a3,9
 a96:	a081                	j	ad6 <print+0xfc>
 a98:	00228713          	addi	a4,t0,2
 a9c:	bf6d                	j	a56 <print+0x7c>
 a9e:	00228713          	addi	a4,t0,2
 aa2:	4791                	li	a5,4
 aa4:	bfd1                	j	a78 <print+0x9e>
 aa6:	02d00613          	li	a2,45
 aaa:	00c68963          	beq	a3,a2,abc <print+0xe2>
 aae:	03000613          	li	a2,48
 ab2:	fcc69fe3          	bne	a3,a2,a90 <print+0xb6>
 ab6:	0027e793          	ori	a5,a5,2
 aba:	a031                	j	ac6 <print+0xec>
 abc:	0705                	addi	a4,a4,1
 abe:	4785                	li	a5,1
 ac0:	bfc1                	j	a90 <print+0xb6>
 ac2:	0047e793          	ori	a5,a5,4
 ac6:	0705                	addi	a4,a4,1
 ac8:	b7e1                	j	a90 <print+0xb6>
 aca:	00251613          	slli	a2,a0,0x2
 ace:	9532                	add	a0,a0,a2
 ad0:	0506                	slli	a0,a0,0x1
 ad2:	953a                	add	a0,a0,a4
 ad4:	0285                	addi	t0,t0,1
 ad6:	00028603          	lb	a2,0(t0)
 ada:	fd060713          	addi	a4,a2,-48
 ade:	0ff77593          	andi	a1,a4,255
 ae2:	feb6f4e3          	bgeu	a3,a1,aca <print+0xf0>
 ae6:	02e00713          	li	a4,46
 aea:	4699                	li	a3,6
 aec:	00e61e63          	bne	a2,a4,b08 <print+0x12e>
 af0:	0285                	addi	t0,t0,1
 af2:	4681                	li	a3,0
 af4:	45a5                	li	a1,9
 af6:	00028603          	lb	a2,0(t0)
 afa:	fd060613          	addi	a2,a2,-48
 afe:	0ff67713          	andi	a4,a2,255
 b02:	02e5f563          	bgeu	a1,a4,b2c <print+0x152>
 b06:	c636                	sw	a3,12(sp)
 b08:	00028703          	lb	a4,0(t0)
 b0c:	06a00613          	li	a2,106
 b10:	0ac70d63          	beq	a4,a2,bca <print+0x1f0>
 b14:	02e64363          	blt	a2,a4,b3a <print+0x160>
 b18:	04c00613          	li	a2,76
 b1c:	0ac70763          	beq	a4,a2,bca <print+0x1f0>
 b20:	06800613          	li	a2,104
 b24:	08c70c63          	beq	a4,a2,bbc <print+0x1e2>
 b28:	4581                	li	a1,0
 b2a:	a82d                	j	b64 <print+0x18a>
 b2c:	00269713          	slli	a4,a3,0x2
 b30:	96ba                	add	a3,a3,a4
 b32:	0686                	slli	a3,a3,0x1
 b34:	96b2                	add	a3,a3,a2
 b36:	0285                	addi	t0,t0,1
 b38:	bf7d                	j	af6 <print+0x11c>
 b3a:	07400613          	li	a2,116
 b3e:	08c70663          	beq	a4,a2,bca <print+0x1f0>
 b42:	07a00613          	li	a2,122
 b46:	08c70263          	beq	a4,a2,bca <print+0x1f0>
 b4a:	06c00613          	li	a2,108
 b4e:	4581                	li	a1,0
 b50:	00c71a63          	bne	a4,a2,b64 <print+0x18a>
 b54:	00128603          	lb	a2,1(t0)
 b58:	458d                	li	a1,3
 b5a:	00e61463          	bne	a2,a4,b62 <print+0x188>
 b5e:	0285                	addi	t0,t0,1
 b60:	4591                	li	a1,4
 b62:	0285                	addi	t0,t0,1
 b64:	00028603          	lb	a2,0(t0)
 b68:	06000393          	li	t2,96
 b6c:	06100713          	li	a4,97
 b70:	00c3c463          	blt	t2,a2,b78 <print+0x19e>
 b74:	04100713          	li	a4,65
 b78:	06700393          	li	t2,103
 b7c:	06c3c463          	blt	t2,a2,be4 <print+0x20a>
 b80:	06500393          	li	t2,101
 b84:	18765363          	bge	a2,t2,d0a <print+0x330>
 b88:	04700393          	li	t2,71
 b8c:	04c3c163          	blt	t2,a2,bce <print+0x1f4>
 b90:	04500593          	li	a1,69
 b94:	16b65b63          	bge	a2,a1,d0a <print+0x330>
 b98:	04300713          	li	a4,67
 b9c:	eae610e3          	bne	a2,a4,a3c <print+0x62>
 ba0:	4018                	lw	a4,0(s0)
 ba2:	00440393          	addi	t2,s0,4
 ba6:	ca16                	sw	t0,20(sp)
 ba8:	00e10c23          	sb	a4,24(sp)
 bac:	c81e                	sw	t2,16(sp)
 bae:	00010ca3          	sb	zero,25(sp)
 bb2:	4701                	li	a4,0
 bb4:	86be                	mv	a3,a5
 bb6:	862a                	mv	a2,a0
 bb8:	082c                	addi	a1,sp,24
 bba:	a849                	j	c4c <print+0x272>
 bbc:	00128603          	lb	a2,1(t0)
 bc0:	4581                	li	a1,0
 bc2:	fae611e3          	bne	a2,a4,b64 <print+0x18a>
 bc6:	0289                	addi	t0,t0,2
 bc8:	bf71                	j	b64 <print+0x18a>
 bca:	0285                	addi	t0,t0,1
 bcc:	bfb1                	j	b28 <print+0x14e>
 bce:	06300693          	li	a3,99
 bd2:	fcd607e3          	beq	a2,a3,ba0 <print+0x1c6>
 bd6:	06c6ce63          	blt	a3,a2,c52 <print+0x278>
 bda:	05800693          	li	a3,88
 bde:	02d60363          	beq	a2,a3,c04 <print+0x22a>
 be2:	bda9                	j	a3c <print+0x62>
 be4:	07300693          	li	a3,115
 be8:	04d60463          	beq	a2,a3,c30 <print+0x256>
 bec:	02c6cb63          	blt	a3,a2,c22 <print+0x248>
 bf0:	06f00693          	li	a3,111
 bf4:	0ed60263          	beq	a2,a3,cd8 <print+0x2fe>
 bf8:	07000693          	li	a3,112
 bfc:	0047e793          	ori	a5,a5,4
 c00:	e2d61ee3          	bne	a2,a3,a3c <print+0x62>
 c04:	4691                	li	a3,4
 c06:	0ad59f63          	bne	a1,a3,cc4 <print+0x2ea>
 c0a:	00840393          	addi	t2,s0,8
 c0e:	400c                	lw	a1,0(s0)
 c10:	4050                	lw	a2,4(s0)
 c12:	ca16                	sw	t0,20(sp)
 c14:	c23a                	sw	a4,4(sp)
 c16:	c03e                	sw	a5,0(sp)
 c18:	c81e                	sw	t2,16(sp)
 c1a:	87aa                	mv	a5,a0
 c1c:	4701                	li	a4,0
 c1e:	46c1                	li	a3,16
 c20:	a0b9                	j	c6e <print+0x294>
 c22:	07500693          	li	a3,117
 c26:	06d60863          	beq	a2,a3,c96 <print+0x2bc>
 c2a:	07800693          	li	a3,120
 c2e:	bf45                	j	bde <print+0x204>
 c30:	4018                	lw	a4,0(s0)
 c32:	000016b7          	lui	a3,0x1
 c36:	00440393          	addi	t2,s0,4
 c3a:	d6468593          	addi	a1,a3,-668 # d64 <printf+0x38>
 c3e:	c311                	beqz	a4,c42 <print+0x268>
 c40:	85ba                	mv	a1,a4
 c42:	4732                	lw	a4,12(sp)
 c44:	ca16                	sw	t0,20(sp)
 c46:	c81e                	sw	t2,16(sp)
 c48:	86be                	mv	a3,a5
 c4a:	862a                	mv	a2,a0
 c4c:	4522                	lw	a0,8(sp)
 c4e:	3e41                	jal	7de <prints>
 c50:	a00d                	j	c72 <print+0x298>
 c52:	4691                	li	a3,4
 c54:	02d59463          	bne	a1,a3,c7c <print+0x2a2>
 c58:	00840393          	addi	t2,s0,8
 c5c:	400c                	lw	a1,0(s0)
 c5e:	4050                	lw	a2,4(s0)
 c60:	ca16                	sw	t0,20(sp)
 c62:	c23a                	sw	a4,4(sp)
 c64:	c03e                	sw	a5,0(sp)
 c66:	c81e                	sw	t2,16(sp)
 c68:	87aa                	mv	a5,a0
 c6a:	4705                	li	a4,1
 c6c:	46a9                	li	a3,10
 c6e:	4522                	lw	a0,8(sp)
 c70:	338d                	jal	9d2 <printLongLongInt>
 c72:	43c2                	lw	t2,16(sp)
 c74:	94aa                	add	s1,s1,a0
 c76:	841e                	mv	s0,t2
 c78:	42d2                	lw	t0,20(sp)
 c7a:	b3c9                	j	a3c <print+0x62>
 c7c:	46b2                	lw	a3,12(sp)
 c7e:	400c                	lw	a1,0(s0)
 c80:	c816                	sw	t0,16(sp)
 c82:	c236                	sw	a3,4(sp)
 c84:	c03a                	sw	a4,0(sp)
 c86:	0411                	addi	s0,s0,4
 c88:	872a                	mv	a4,a0
 c8a:	4685                	li	a3,1
 c8c:	4629                	li	a2,10
 c8e:	4522                	lw	a0,8(sp)
 c90:	3915                	jal	8c4 <printInt>
 c92:	94aa                	add	s1,s1,a0
 c94:	b361                	j	a1c <print+0x42>
 c96:	4691                	li	a3,4
 c98:	00d59d63          	bne	a1,a3,cb2 <print+0x2d8>
 c9c:	00840393          	addi	t2,s0,8
 ca0:	400c                	lw	a1,0(s0)
 ca2:	4050                	lw	a2,4(s0)
 ca4:	ca16                	sw	t0,20(sp)
 ca6:	c23a                	sw	a4,4(sp)
 ca8:	c03e                	sw	a5,0(sp)
 caa:	c81e                	sw	t2,16(sp)
 cac:	87aa                	mv	a5,a0
 cae:	4701                	li	a4,0
 cb0:	bf75                	j	c6c <print+0x292>
 cb2:	46b2                	lw	a3,12(sp)
 cb4:	400c                	lw	a1,0(s0)
 cb6:	c816                	sw	t0,16(sp)
 cb8:	c236                	sw	a3,4(sp)
 cba:	c03a                	sw	a4,0(sp)
 cbc:	0411                	addi	s0,s0,4
 cbe:	872a                	mv	a4,a0
 cc0:	4681                	li	a3,0
 cc2:	b7e9                	j	c8c <print+0x2b2>
 cc4:	46b2                	lw	a3,12(sp)
 cc6:	c816                	sw	t0,16(sp)
 cc8:	400c                	lw	a1,0(s0)
 cca:	4641                	li	a2,16
 ccc:	c236                	sw	a3,4(sp)
 cce:	c03a                	sw	a4,0(sp)
 cd0:	0411                	addi	s0,s0,4
 cd2:	872a                	mv	a4,a0
 cd4:	4681                	li	a3,0
 cd6:	bf65                	j	c8e <print+0x2b4>
 cd8:	4691                	li	a3,4
 cda:	00d59e63          	bne	a1,a3,cf6 <print+0x31c>
 cde:	00840393          	addi	t2,s0,8
 ce2:	400c                	lw	a1,0(s0)
 ce4:	4050                	lw	a2,4(s0)
 ce6:	ca16                	sw	t0,20(sp)
 ce8:	c23a                	sw	a4,4(sp)
 cea:	c03e                	sw	a5,0(sp)
 cec:	c81e                	sw	t2,16(sp)
 cee:	87aa                	mv	a5,a0
 cf0:	4701                	li	a4,0
 cf2:	46a1                	li	a3,8
 cf4:	bfad                	j	c6e <print+0x294>
 cf6:	46b2                	lw	a3,12(sp)
 cf8:	400c                	lw	a1,0(s0)
 cfa:	c816                	sw	t0,16(sp)
 cfc:	c236                	sw	a3,4(sp)
 cfe:	c03a                	sw	a4,0(sp)
 d00:	0411                	addi	s0,s0,4
 d02:	872a                	mv	a4,a0
 d04:	4681                	li	a3,0
 d06:	4621                	li	a2,8
 d08:	b759                	j	c8e <print+0x2b4>
 d0a:	400c                	lw	a1,0(s0)
 d0c:	00840613          	addi	a2,s0,8
 d10:	4040                	lw	s0,4(s0)
 d12:	c23a                	sw	a4,4(sp)
 d14:	872a                	mv	a4,a0
 d16:	4522                	lw	a0,8(sp)
 d18:	c832                	sw	a2,16(sp)
 d1a:	c03e                	sw	a5,0(sp)
 d1c:	8622                	mv	a2,s0
 d1e:	87b6                	mv	a5,a3
 d20:	46a9                	li	a3,10
 d22:	ca16                	sw	t0,20(sp)
 d24:	394d                	jal	9d6 <printDouble>
 d26:	94aa                	add	s1,s1,a0
 d28:	4442                	lw	s0,16(sp)
 d2a:	b7b9                	j	c78 <print+0x29e>

00000d2c <printf>:
 d2c:	fdc10113          	addi	sp,sp,-36
 d30:	c82e                	sw	a1,16(sp)
 d32:	ca32                	sw	a2,20(sp)
 d34:	85aa                	mv	a1,a0
 d36:	0810                	addi	a2,sp,16
 d38:	4501                	li	a0,0
 d3a:	c606                	sw	ra,12(sp)
 d3c:	cc36                	sw	a3,24(sp)
 d3e:	ce3a                	sw	a4,28(sp)
 d40:	d03e                	sw	a5,32(sp)
 d42:	c032                	sw	a2,0(sp)
 d44:	3959                	jal	9da <print>
 d46:	40b2                	lw	ra,12(sp)
 d48:	02410113          	addi	sp,sp,36
 d4c:	8082                	ret
 d4e:	0000                	unimp
 d50:	6554                	flw	fa3,12(a0)
 d52:	64207473          	csrrci	s0,0x642,0
 d56:	7665                	lui	a2,0xffff9
 d58:	6920                	flw	fs0,80(a0)
 d5a:	3a64                	lbu	s1,23(a2)
 d5c:	2520                	lbu	s0,10(a0)
 d5e:	0a64                	addi	s1,sp,284
 d60:	000d                	c.nop	3
 d62:	0000                	unimp
 d64:	6e28                	flw	fa0,88(a2)
 d66:	6c75                	lui	s8,0x1d
 d68:	296c                	lbu	a1,22(a0)
	...
