
CH32V003F4P6.elf:     file format elf32-littleriscv
CH32V003F4P6.elf
architecture: riscv:rv32, flags 0x00000112:
EXEC_P, HAS_SYMS, D_PAGED
start address 0x00000000

Program Header:
    LOAD off    0x00001000 vaddr 0x00000000 paddr 0x00000000 align 2**12
         filesz 0x00000fbc memsz 0x00000fbc flags r-x
    LOAD off    0x00002000 vaddr 0x20000000 paddr 0x00000fbc align 2**12
         filesz 0x00000038 memsz 0x00000118 flags rw-
    LOAD off    0x00002700 vaddr 0x20000700 paddr 0x20000700 align 2**12
         filesz 0x00000000 memsz 0x00000100 flags rw-

Sections:
Idx Name          Size      VMA       LMA       File off  Algn
  0 .init         000000a0  00000000  00000000  00001000  2**2
                  CONTENTS, ALLOC, LOAD, READONLY, CODE
  1 .highcodelalign 00000000  000000a0  000000a0  00002038  2**0
                  CONTENTS
  2 .highcode     00000000  20000000  20000000  00002038  2**0
                  CONTENTS
  3 .text         00000f1c  000000a0  000000a0  000010a0  2**2
                  CONTENTS, ALLOC, LOAD, READONLY, CODE
  4 .fini         00000000  00000fbc  00000fbc  00002038  2**0
                  CONTENTS, ALLOC, LOAD, CODE
  5 .dalign       00000000  20000000  20000000  00002038  2**0
                  CONTENTS
  6 .dlalign      00000000  00000fbc  00000fbc  00002038  2**0
                  CONTENTS
  7 .data         00000038  20000000  00000fbc  00002000  2**2
                  CONTENTS, ALLOC, LOAD, DATA
  8 .bss          000000e0  20000038  00000ff4  00002038  2**2
                  ALLOC
  9 .stack        00000100  20000700  20000700  00002700  2**0
                  ALLOC
 10 .debug_info   00008eb4  00000000  00000000  00002038  2**0
                  CONTENTS, READONLY, DEBUGGING
 11 .debug_abbrev 00001a7b  00000000  00000000  0000aeec  2**0
                  CONTENTS, READONLY, DEBUGGING
 12 .debug_aranges 00000570  00000000  00000000  0000c968  2**3
                  CONTENTS, READONLY, DEBUGGING
 13 .debug_ranges 00000568  00000000  00000000  0000ced8  2**3
                  CONTENTS, READONLY, DEBUGGING
 14 .debug_line   00006de2  00000000  00000000  0000d440  2**0
                  CONTENTS, READONLY, DEBUGGING
 15 .debug_str    00001c0e  00000000  00000000  00014222  2**0
                  CONTENTS, READONLY, DEBUGGING
 16 .comment      00000033  00000000  00000000  00015e30  2**0
                  CONTENTS, READONLY
 17 .debug_frame  00000bd4  00000000  00000000  00015e64  2**2
                  CONTENTS, READONLY, DEBUGGING
 18 .debug_loc    00002745  00000000  00000000  00016a38  2**0
                  CONTENTS, READONLY, DEBUGGING
SYMBOL TABLE:
00000000 l    d  .init	00000000 .init
000000a0 l    d  .highcodelalign	00000000 .highcodelalign
20000000 l    d  .highcode	00000000 .highcode
000000a0 l    d  .text	00000000 .text
00000fbc l    d  .fini	00000000 .fini
20000000 l    d  .dalign	00000000 .dalign
00000fbc l    d  .dlalign	00000000 .dlalign
20000000 l    d  .data	00000000 .data
20000038 l    d  .bss	00000000 .bss
20000700 l    d  .stack	00000000 .stack
00000000 l    d  .debug_info	00000000 .debug_info
00000000 l    d  .debug_abbrev	00000000 .debug_abbrev
00000000 l    d  .debug_aranges	00000000 .debug_aranges
00000000 l    d  .debug_ranges	00000000 .debug_ranges
00000000 l    d  .debug_line	00000000 .debug_line
00000000 l    d  .debug_str	00000000 .debug_str
00000000 l    d  .comment	00000000 .comment
00000000 l    d  .debug_frame	00000000 .debug_frame
00000000 l    d  .debug_loc	00000000 .debug_loc
00000000 l    df *ABS*	00000000 ch32v00x_it.c
00000000 l    df *ABS*	00000000 main.c
200000c0 l     O .bss	00000001 cntBuffer_UART.4128
200000c1 l     O .bss	00000001 len_new_rx_data.4127
00000000 l    df *ABS*	00000000 system_ch32v00x.c
00000000 l    df *ABS*	00000000 ch32v00x_flash.c
00000000 l    df *ABS*	00000000 ch32v00x_gpio.c
00000000 l    df *ABS*	00000000 ch32v00x_misc.c
00000000 l    df *ABS*	00000000 ch32v00x_rcc.c
20000014 l     O .data	00000014 ADCPrescTable
20000028 l     O .data	00000010 APBAHBPrescTable
00000000 l    df *ABS*	00000000 ch32v00x_usart.c
00000000 l    df *ABS*	00000000 core_riscv.c
20000838 g       .data	00000000 __global_pointer$
00000988  w      .text	00000000 TIM1_CC_IRQHandler
00000134 g     F .text	00000010 HardFault_Handler
00000aa4 g     F .text	00000060 FLASH_ProgramWord
00000988  w      .text	00000000 SysTick_Handler
00000396 g     F .text	00000028 UART_packetDataReset
00000c46 g     F .text	00000084 NVIC_Init
00000988  w      .text	00000000 PVD_IRQHandler
200000cc g     O .bss	00000046 packet
00000132 g     F .text	00000002 NMI_Handler
00000572 g     F .text	000001c2 UART_decode
000004d6 g     F .text	0000004e crc16_cal
00000f54 g     F .text	0000000a USART_GetFlagStatus
20000038 g       .bss	00000000 _sbss
00000100 g       *ABS*	00000000 __stack_size
00000144 g     F .text	0000005e LinkPinout_Init
20000038 g     O .bss	00000088 buffers
000000aa g     F .text	0000000a .hidden __riscv_restore_2
0000037e g     F .text	00000018 UART_buffer_clear
20000010 g     O .data	00000004 SystemCoreClock
00000f4c g     F .text	00000008 USART_ReceiveData
000000bc g     F .text	0000002c .hidden __udivsi3
000000a0 g       .init	00000000 _einit
00000b04 g     F .text	0000001e FLASH_Unlock_Fast
00000db4 g     F .text	0000001e RCC_APB2PeriphClockCmd
00000bc4 g     F .text	0000006e GPIO_Init
20000114 g     O .bss	00000004 NVIC_Priority_Group
00000988  w      .text	00000000 SPI1_IRQHandler
00000ef0 g     F .text	00000018 USART_Cmd
200000c4 g     O .bss	00000008 metadata
000000a0 g     F .text	0000000a .hidden __riscv_save_1
000000aa g     F .text	0000000a .hidden __riscv_restore_0
00000988  w      .text	00000000 AWU_IRQHandler
00000988  w      .text	00000000 EXTI7_0_IRQHandler
00000fa2 g     F .text	00000014 USART_ClearITPendingBit
20000700 g       .stack	00000000 _heap_end
00000988  w      .text	00000000 DMA1_Channel4_IRQHandler
00000988  w      .text	00000000 ADC1_IRQHandler
00000fb6 g     F .text	00000006 __set_MEPC
20000118 g       .bss	00000000 _ebss
00000f5e g     F .text	00000044 USART_GetITStatus
00000988  w      .text	00000000 DMA1_Channel7_IRQHandler
000003fc g     F .text	0000008a flash_write_page
00000c3c g     F .text	0000000a GPIO_WriteBit
000000e8 g     F .text	00000008 .hidden __umodsi3
00000988  w      .text	00000000 I2C1_EV_IRQHandler
00000cdc g     F .text	000000d8 RCC_GetClocksFreq
00000988  w      .text	00000000 DMA1_Channel6_IRQHandler
00000e12 g     F .text	000000de USART_Init
00000988  w      .text	00000000 RCC_IRQHandler
000001a2 g     F .text	000000d2 USART1_Init
00000988  w      .text	00000000 TIM1_TRG_COM_IRQHandler
00000988  w      .text	00000000 DMA1_Channel1_IRQHandler
00000000 g       .init	00000000 _start
00000a42 g     F .text	0000001c FLASH_GetStatus
20000000 g     O .data	00000010 AHBPrescTable
00000a3a g     F .text	00000008 FLASH_ClearFlag
00000a7a g     F .text	0000002a FLASH_WaitForLastOperation
00000f08 g     F .text	0000003c USART_ITConfig
20000000 g       .highcode	00000000 _highcode_vma_start
00000b30 g     F .text	0000003e FLASH_ErasePage_Fast
20000000 g       .dalign	00000000 _data_vma
00000df0 g     F .text	00000022 USART_DeInit
00000cca g     F .text	00000012 RCC_AdjustHSICalibrationValue
00000734 g     F .text	0000009a main
00000988  w      .text	00000000 DMA1_Channel5_IRQHandler
000000b4 g     F .text	00000058 .hidden __divsi3
000000a0 g       .highcodelalign	00000000 _highcode_lma
000007ce g     F .text	000000e8 SystemInit
00000b6e g     F .text	00000056 GPIO_DeInit
00000000 g       .init	00000000 _sinit
00000988  w      .text	00000000 DMA1_Channel3_IRQHandler
00000988  w      .text	00000000 TIM1_UP_IRQHandler
00001000 g       *ABS*	00000000 __bootloader_size
00000988  w      .text	00000000 WWDG_IRQHandler
00000988  w      .text	00000000 TIM2_IRQHandler
20000800 g       .stack	00000000 _eusrstack
000000a0 g     F .text	0000000a .hidden __riscv_save_2
00000988  w      .text	00000000 SW_Handler
00000274 g     F .text	00000042 UartSendBuffer
00000b22 g     F .text	0000000e FLASH_Lock_Fast
00000988  w      .text	00000000 TIM1_BRK_IRQHandler
00000f44 g     F .text	00000008 USART_SendData
000003be g     F .text	0000003e UART_packet_parse
20000038 g       .data	00000000 _edata
20000118 g       .bss	00000000 _end
20000000 g       .highcode	00000000 _highcode_vma_end
00000fbc g       .dlalign	00000000 _data_lma
000008b6 g     F .text	000000d2 SystemCoreClockUpdate
0000010c g     F .text	00000024 .hidden __modsi3
00000988  w      .text	00000000 DMA1_Channel2_IRQHandler
0000098a  w      .text	00000000 handle_reset
00000988  w      .text	00000000 FLASH_IRQHandler
000000a0 g     F .text	0000000a .hidden __riscv_save_0
000002b6 g     F .text	000000c8 USART1_IRQHandler
00000dd2 g     F .text	0000001e RCC_APB2PeriphResetCmd
00000988  w      .text	00000000 I2C1_ER_IRQHandler
00000524 g     F .text	0000004e jump_to_app
000000aa g     F .text	0000000a .hidden __riscv_restore_1
00000c32 g     F .text	0000000a GPIO_ReadInputDataBit
00000a5e g     F .text	0000001c FLASH_GetBank1Status
00000486 g     F .text	00000050 flash_save_metadata



Disassembly of section .init:

00000000 <_sinit>:
   0:	18b0006f          	j	98a <handle_reset>
   4:	0000                	unimp
   6:	0000                	unimp
   8:	0132                	slli	sp,sp,0xc
   a:	0000                	unimp
   c:	0134                	addi	a3,sp,136
	...
  2e:	0000                	unimp
  30:	0988                	addi	a0,sp,208
  32:	0000                	unimp
  34:	0000                	unimp
  36:	0000                	unimp
  38:	0988                	addi	a0,sp,208
  3a:	0000                	unimp
  3c:	0000                	unimp
  3e:	0000                	unimp
  40:	0988                	addi	a0,sp,208
  42:	0000                	unimp
  44:	0988                	addi	a0,sp,208
  46:	0000                	unimp
  48:	0988                	addi	a0,sp,208
  4a:	0000                	unimp
  4c:	0988                	addi	a0,sp,208
  4e:	0000                	unimp
  50:	0988                	addi	a0,sp,208
  52:	0000                	unimp
  54:	0988                	addi	a0,sp,208
  56:	0000                	unimp
  58:	0988                	addi	a0,sp,208
  5a:	0000                	unimp
  5c:	0988                	addi	a0,sp,208
  5e:	0000                	unimp
  60:	0988                	addi	a0,sp,208
  62:	0000                	unimp
  64:	0988                	addi	a0,sp,208
  66:	0000                	unimp
  68:	0988                	addi	a0,sp,208
  6a:	0000                	unimp
  6c:	0988                	addi	a0,sp,208
  6e:	0000                	unimp
  70:	0988                	addi	a0,sp,208
  72:	0000                	unimp
  74:	0988                	addi	a0,sp,208
  76:	0000                	unimp
  78:	0988                	addi	a0,sp,208
  7a:	0000                	unimp
  7c:	0988                	addi	a0,sp,208
  7e:	0000                	unimp
  80:	02b6                	slli	t0,t0,0xd
  82:	0000                	unimp
  84:	0988                	addi	a0,sp,208
  86:	0000                	unimp
  88:	0988                	addi	a0,sp,208
  8a:	0000                	unimp
  8c:	0988                	addi	a0,sp,208
  8e:	0000                	unimp
  90:	0988                	addi	a0,sp,208
  92:	0000                	unimp
  94:	0988                	addi	a0,sp,208
  96:	0000                	unimp
  98:	0988                	addi	a0,sp,208
  9a:	0000                	unimp
  9c:	0000                	unimp
	...

Disassembly of section .text:

000000a0 <__riscv_save_0>:
  a0:	1151                	addi	sp,sp,-12
  a2:	c026                	sw	s1,0(sp)
  a4:	c222                	sw	s0,4(sp)
  a6:	c406                	sw	ra,8(sp)
  a8:	8282                	jr	t0

000000aa <__riscv_restore_0>:
  aa:	4482                	lw	s1,0(sp)
  ac:	4412                	lw	s0,4(sp)
  ae:	40a2                	lw	ra,8(sp)
  b0:	0131                	addi	sp,sp,12
  b2:	8082                	ret

000000b4 <__divsi3>:
  b4:	02054e63          	bltz	a0,f0 <__umodsi3+0x8>
  b8:	0405c363          	bltz	a1,fe <__umodsi3+0x16>

000000bc <__udivsi3>:
  bc:	862e                	mv	a2,a1
  be:	85aa                	mv	a1,a0
  c0:	557d                	li	a0,-1
  c2:	c215                	beqz	a2,e6 <__udivsi3+0x2a>
  c4:	4685                	li	a3,1
  c6:	00b67863          	bgeu	a2,a1,d6 <__udivsi3+0x1a>
  ca:	00c05663          	blez	a2,d6 <__udivsi3+0x1a>
  ce:	0606                	slli	a2,a2,0x1
  d0:	0686                	slli	a3,a3,0x1
  d2:	feb66ce3          	bltu	a2,a1,ca <__udivsi3+0xe>
  d6:	4501                	li	a0,0
  d8:	00c5e463          	bltu	a1,a2,e0 <__udivsi3+0x24>
  dc:	8d91                	sub	a1,a1,a2
  de:	8d55                	or	a0,a0,a3
  e0:	8285                	srli	a3,a3,0x1
  e2:	8205                	srli	a2,a2,0x1
  e4:	faf5                	bnez	a3,d8 <__udivsi3+0x1c>
  e6:	8082                	ret

000000e8 <__umodsi3>:
  e8:	8286                	mv	t0,ra
  ea:	3fc9                	jal	bc <__udivsi3>
  ec:	852e                	mv	a0,a1
  ee:	8282                	jr	t0
  f0:	40a00533          	neg	a0,a0
  f4:	0005d763          	bgez	a1,102 <__stack_size+0x2>
  f8:	40b005b3          	neg	a1,a1
  fc:	b7c1                	j	bc <__udivsi3>
  fe:	40b005b3          	neg	a1,a1
 102:	8286                	mv	t0,ra
 104:	3f65                	jal	bc <__udivsi3>
 106:	40a00533          	neg	a0,a0
 10a:	8282                	jr	t0

0000010c <__modsi3>:
 10c:	8286                	mv	t0,ra
 10e:	0005c763          	bltz	a1,11c <__modsi3+0x10>
 112:	00054963          	bltz	a0,124 <__modsi3+0x18>
 116:	375d                	jal	bc <__udivsi3>
 118:	852e                	mv	a0,a1
 11a:	8282                	jr	t0
 11c:	40b005b3          	neg	a1,a1
 120:	fe055be3          	bgez	a0,116 <__modsi3+0xa>
 124:	40a00533          	neg	a0,a0
 128:	3f51                	jal	bc <__udivsi3>
 12a:	40b00533          	neg	a0,a1
 12e:	8282                	jr	t0
	...

00000132 <NMI_Handler>:
 132:	a001                	j	132 <NMI_Handler>

00000134 <HardFault_Handler>:
 134:	e000e737          	lui	a4,0xe000e
 138:	beef07b7          	lui	a5,0xbeef0
 13c:	08078793          	addi	a5,a5,128 # beef0080 <__global_pointer$+0x9eeef848>
 140:	c73c                	sw	a5,72(a4)
 142:	a001                	j	142 <HardFault_Handler+0xe>

00000144 <LinkPinout_Init>:
 144:	f5dff2ef          	jal	t0,a0 <__riscv_save_0>
 148:	1151                	addi	sp,sp,-12
 14a:	c002                	sw	zero,0(sp)
 14c:	c202                	sw	zero,4(sp)
 14e:	c402                	sw	zero,8(sp)
 150:	4585                	li	a1,1
 152:	03100513          	li	a0,49
 156:	45f000ef          	jal	ra,db4 <RCC_APB2PeriphClockCmd>
 15a:	4785                	li	a5,1
 15c:	807c                	sh	a5,0(sp)
 15e:	440d                	li	s0,3
 160:	c222                	sw	s0,4(sp)
 162:	44c1                	li	s1,16
 164:	c426                	sw	s1,8(sp)
 166:	858a                	mv	a1,sp
 168:	40011537          	lui	a0,0x40011
 16c:	259000ef          	jal	ra,bc4 <GPIO_Init>
 170:	4785                	li	a5,1
 172:	807c                	sh	a5,0(sp)
 174:	c222                	sw	s0,4(sp)
 176:	c426                	sw	s1,8(sp)
 178:	858a                	mv	a1,sp
 17a:	400117b7          	lui	a5,0x40011
 17e:	40078513          	addi	a0,a5,1024 # 40011400 <__global_pointer$+0x20010bc8>
 182:	243000ef          	jal	ra,bc4 <GPIO_Init>
 186:	8064                	sh	s1,0(sp)
 188:	c222                	sw	s0,4(sp)
 18a:	02800793          	li	a5,40
 18e:	c43e                	sw	a5,8(sp)
 190:	858a                	mv	a1,sp
 192:	400117b7          	lui	a5,0x40011
 196:	40078513          	addi	a0,a5,1024 # 40011400 <__global_pointer$+0x20010bc8>
 19a:	22b000ef          	jal	ra,bc4 <GPIO_Init>
 19e:	0131                	addi	sp,sp,12
 1a0:	b729                	j	aa <__riscv_restore_0>

000001a2 <USART1_Init>:
 1a2:	effff2ef          	jal	t0,a0 <__riscv_save_0>
 1a6:	fdc10113          	addi	sp,sp,-36
 1aa:	cc02                	sw	zero,24(sp)
 1ac:	ce02                	sw	zero,28(sp)
 1ae:	d002                	sw	zero,32(sp)
 1b0:	c402                	sw	zero,8(sp)
 1b2:	c602                	sw	zero,12(sp)
 1b4:	c802                	sw	zero,16(sp)
 1b6:	ca02                	sw	zero,20(sp)
 1b8:	c002                	sw	zero,0(sp)
 1ba:	c202                	sw	zero,4(sp)
 1bc:	4585                	li	a1,1
 1be:	6511                	lui	a0,0x4
 1c0:	02150513          	addi	a0,a0,33 # 4021 <__bootloader_size+0x3021>
 1c4:	3f1000ef          	jal	ra,db4 <RCC_APB2PeriphClockCmd>
 1c8:	400107b7          	lui	a5,0x40010
 1cc:	43d8                	lw	a4,4(a5)
 1ce:	ffe006b7          	lui	a3,0xffe00
 1d2:	16ed                	addi	a3,a3,-5
 1d4:	8f75                	and	a4,a4,a3
 1d6:	c3d8                	sw	a4,4(a5)
 1d8:	43d8                	lw	a4,4(a5)
 1da:	002006b7          	lui	a3,0x200
 1de:	8f55                	or	a4,a4,a3
 1e0:	c3d8                	sw	a4,4(a5)
 1e2:	04000793          	li	a5,64
 1e6:	84fc                	sh	a5,24(sp)
 1e8:	448d                	li	s1,3
 1ea:	ce26                	sw	s1,28(sp)
 1ec:	47e1                	li	a5,24
 1ee:	d03e                	sw	a5,32(sp)
 1f0:	082c                	addi	a1,sp,24
 1f2:	40011437          	lui	s0,0x40011
 1f6:	40040513          	addi	a0,s0,1024 # 40011400 <__global_pointer$+0x20010bc8>
 1fa:	1cb000ef          	jal	ra,bc4 <GPIO_Init>
 1fe:	02000793          	li	a5,32
 202:	84fc                	sh	a5,24(sp)
 204:	ce26                	sw	s1,28(sp)
 206:	4791                	li	a5,4
 208:	d03e                	sw	a5,32(sp)
 20a:	082c                	addi	a1,sp,24
 20c:	40040513          	addi	a0,s0,1024
 210:	1b5000ef          	jal	ra,bc4 <GPIO_Init>
 214:	67f1                	lui	a5,0x1c
 216:	20078793          	addi	a5,a5,512 # 1c200 <__bootloader_size+0x1b200>
 21a:	c43e                	sw	a5,8(sp)
 21c:	00011623          	sh	zero,12(sp)
 220:	00011723          	sh	zero,14(sp)
 224:	00011823          	sh	zero,16(sp)
 228:	00011a23          	sh	zero,20(sp)
 22c:	47b1                	li	a5,12
 22e:	81fc                	sh	a5,18(sp)
 230:	002c                	addi	a1,sp,8
 232:	40014437          	lui	s0,0x40014
 236:	80040513          	addi	a0,s0,-2048 # 40013800 <__global_pointer$+0x20012fc8>
 23a:	3d9000ef          	jal	ra,e12 <USART_Init>
 23e:	4605                	li	a2,1
 240:	52500593          	li	a1,1317
 244:	80040513          	addi	a0,s0,-2048
 248:	4c1000ef          	jal	ra,f08 <USART_ITConfig>
 24c:	02000793          	li	a5,32
 250:	805c                	sb	a5,0(sp)
 252:	4785                	li	a5,1
 254:	80dc                	sb	a5,1(sp)
 256:	00010123          	sb	zero,2(sp)
 25a:	4785                	li	a5,1
 25c:	c23e                	sw	a5,4(sp)
 25e:	850a                	mv	a0,sp
 260:	1e7000ef          	jal	ra,c46 <NVIC_Init>
 264:	4585                	li	a1,1
 266:	80040513          	addi	a0,s0,-2048
 26a:	487000ef          	jal	ra,ef0 <USART_Cmd>
 26e:	02410113          	addi	sp,sp,36
 272:	bd25                	j	aa <__riscv_restore_0>

00000274 <UartSendBuffer>:
 274:	c1a1                	beqz	a1,2b4 <UartSendBuffer+0x40>
 276:	e2bff2ef          	jal	t0,a0 <__riscv_save_0>
 27a:	1171                	addi	sp,sp,-4
 27c:	842a                	mv	s0,a0
 27e:	0505                	addi	a0,a0,1
 280:	15fd                	addi	a1,a1,-1
 282:	01059793          	slli	a5,a1,0x10
 286:	83c1                	srli	a5,a5,0x10
 288:	97aa                	add	a5,a5,a0
 28a:	c03e                	sw	a5,0(sp)
 28c:	400147b7          	lui	a5,0x40014
 290:	80078493          	addi	s1,a5,-2048 # 40013800 <__global_pointer$+0x20012fc8>
 294:	08000593          	li	a1,128
 298:	8526                	mv	a0,s1
 29a:	4bb000ef          	jal	ra,f54 <USART_GetFlagStatus>
 29e:	d97d                	beqz	a0,294 <UartSendBuffer+0x20>
 2a0:	200c                	lbu	a1,0(s0)
 2a2:	8526                	mv	a0,s1
 2a4:	4a1000ef          	jal	ra,f44 <USART_SendData>
 2a8:	0405                	addi	s0,s0,1
 2aa:	4782                	lw	a5,0(sp)
 2ac:	fef414e3          	bne	s0,a5,294 <UartSendBuffer+0x20>
 2b0:	0111                	addi	sp,sp,4
 2b2:	bbe5                	j	aa <__riscv_restore_0>
 2b4:	8082                	ret

000002b6 <USART1_IRQHandler>:
 2b6:	52500593          	li	a1,1317
 2ba:	40014537          	lui	a0,0x40014
 2be:	80050513          	addi	a0,a0,-2048 # 40013800 <__global_pointer$+0x20012fc8>
 2c2:	49d000ef          	jal	ra,f5e <USART_GetITStatus>
 2c6:	e119                	bnez	a0,2cc <USART1_IRQHandler+0x16>
 2c8:	30200073          	mret
 2cc:	40014537          	lui	a0,0x40014
 2d0:	80050513          	addi	a0,a0,-2048 # 40013800 <__global_pointer$+0x20012fc8>
 2d4:	479000ef          	jal	ra,f4c <USART_ReceiveData>
 2d8:	0ff57513          	andi	a0,a0,255
 2dc:	88818713          	addi	a4,gp,-1912 # 200000c0 <cntBuffer_UART.4128>
 2e0:	2314                	lbu	a3,0(a4)
 2e2:	200007b7          	lui	a5,0x20000
 2e6:	03878793          	addi	a5,a5,56 # 20000038 <_edata>
 2ea:	97b6                	add	a5,a5,a3
 2ec:	a388                	sb	a0,0(a5)
 2ee:	0685                	addi	a3,a3,1
 2f0:	0ff6f693          	andi	a3,a3,255
 2f4:	a314                	sb	a3,0(a4)
 2f6:	0aa00793          	li	a5,170
 2fa:	02f50763          	beq	a0,a5,328 <USART1_IRQHandler+0x72>
 2fe:	8801c703          	lbu	a4,-1920(gp) # 200000b8 <_edata+0x80>
 302:	4785                	li	a5,1
 304:	02f70f63          	beq	a4,a5,342 <USART1_IRQHandler+0x8c>
 308:	8891c783          	lbu	a5,-1911(gp) # 200000c1 <len_new_rx_data.4127>
 30c:	00178713          	addi	a4,a5,1
 310:	00d75363          	bge	a4,a3,316 <USART1_IRQHandler+0x60>
 314:	eba9                	bnez	a5,366 <USART1_IRQHandler+0xb0>
 316:	52500593          	li	a1,1317
 31a:	40014537          	lui	a0,0x40014
 31e:	80050513          	addi	a0,a0,-2048 # 40013800 <__global_pointer$+0x20012fc8>
 322:	481000ef          	jal	ra,fa2 <USART_ClearITPendingBit>
 326:	b74d                	j	2c8 <USART1_IRQHandler+0x12>
 328:	8891c783          	lbu	a5,-1911(gp) # 200000c1 <len_new_rx_data.4127>
 32c:	e39d                	bnez	a5,352 <USART1_IRQHandler+0x9c>
 32e:	200007b7          	lui	a5,0x20000
 332:	03878793          	addi	a5,a5,56 # 20000038 <_edata>
 336:	4705                	li	a4,1
 338:	08e78023          	sb	a4,128(a5)
 33c:	080780a3          	sb	zero,129(a5)
 340:	bfd9                	j	316 <USART1_IRQHandler+0x60>
 342:	8891c783          	lbu	a5,-1911(gp) # 200000c1 <len_new_rx_data.4127>
 346:	ef89                	bnez	a5,360 <USART1_IRQHandler+0xaa>
 348:	88a184a3          	sb	a0,-1911(gp) # 200000c1 <len_new_rx_data.4127>
 34c:	88018023          	sb	zero,-1920(gp) # 200000b8 <_edata+0x80>
 350:	b7d9                	j	316 <USART1_IRQHandler+0x60>
 352:	8801c703          	lbu	a4,-1920(gp) # 200000b8 <_edata+0x80>
 356:	4785                	li	a5,1
 358:	faf718e3          	bne	a4,a5,308 <USART1_IRQHandler+0x52>
 35c:	8891c783          	lbu	a5,-1911(gp) # 200000c1 <len_new_rx_data.4127>
 360:	0785                	addi	a5,a5,1
 362:	fad7dae3          	bge	a5,a3,316 <USART1_IRQHandler+0x60>
 366:	200007b7          	lui	a5,0x20000
 36a:	03878793          	addi	a5,a5,56 # 20000038 <_edata>
 36e:	4705                	li	a4,1
 370:	08e780a3          	sb	a4,129(a5)
 374:	88018423          	sb	zero,-1912(gp) # 200000c0 <cntBuffer_UART.4128>
 378:	880184a3          	sb	zero,-1911(gp) # 200000c1 <len_new_rx_data.4127>
 37c:	bf69                	j	316 <USART1_IRQHandler+0x60>

0000037e <UART_buffer_clear>:
 37e:	200007b7          	lui	a5,0x20000
 382:	03878793          	addi	a5,a5,56 # 20000038 <_edata>
 386:	08078713          	addi	a4,a5,128
 38a:	00078023          	sb	zero,0(a5)
 38e:	0785                	addi	a5,a5,1
 390:	fee79de3          	bne	a5,a4,38a <UART_buffer_clear+0xc>
 394:	8082                	ret

00000396 <UART_packetDataReset>:
 396:	89418713          	addi	a4,gp,-1900 # 200000cc <packet>
 39a:	00070023          	sb	zero,0(a4) # e000e000 <__global_pointer$+0xc000d7c8>
 39e:	000700a3          	sb	zero,1(a4)
 3a2:	00070123          	sb	zero,2(a4)
 3a6:	00370793          	addi	a5,a4,3
 3aa:	04370713          	addi	a4,a4,67
 3ae:	00078023          	sb	zero,0(a5)
 3b2:	0785                	addi	a5,a5,1
 3b4:	fee79de3          	bne	a5,a4,3ae <UART_packetDataReset+0x18>
 3b8:	8c019c23          	sh	zero,-1832(gp) # 20000110 <packet+0x44>
 3bc:	8082                	ret

000003be <UART_packet_parse>:
 3be:	310c                	lbu	a1,1(a0)
 3c0:	89418793          	addi	a5,gp,-1900 # 200000cc <packet>
 3c4:	a38c                	sb	a1,0(a5)
 3c6:	2138                	lbu	a4,2(a0)
 3c8:	b398                	sb	a4,1(a5)
 3ca:	3138                	lbu	a4,3(a0)
 3cc:	a3b8                	sb	a4,2(a5)
 3ce:	4791                	li	a5,4
 3d0:	00b7fe63          	bgeu	a5,a1,3ec <UART_packet_parse+0x2e>
 3d4:	00450793          	addi	a5,a0,4
 3d8:	89718713          	addi	a4,gp,-1897 # 200000cf <packet+0x3>
 3dc:	00b50633          	add	a2,a0,a1
 3e0:	2394                	lbu	a3,0(a5)
 3e2:	a314                	sb	a3,0(a4)
 3e4:	0785                	addi	a5,a5,1
 3e6:	0705                	addi	a4,a4,1
 3e8:	fec79ce3          	bne	a5,a2,3e0 <UART_packet_parse+0x22>
 3ec:	952e                	add	a0,a0,a1
 3ee:	311c                	lbu	a5,1(a0)
 3f0:	07a2                	slli	a5,a5,0x8
 3f2:	2118                	lbu	a4,0(a0)
 3f4:	8fd9                	or	a5,a5,a4
 3f6:	8cf19c23          	sh	a5,-1832(gp) # 20000110 <packet+0x44>
 3fa:	8082                	ret

000003fc <flash_write_page>:
 3fc:	08452703          	lw	a4,132(a0)
 400:	080047b7          	lui	a5,0x8004
 404:	fbf78793          	addi	a5,a5,-65 # 8003fbf <__bootloader_size+0x8002fbf>
 408:	00e7f363          	bgeu	a5,a4,40e <flash_write_page+0x12>
 40c:	8082                	ret
 40e:	c93ff2ef          	jal	t0,a0 <__riscv_save_0>
 412:	1161                	addi	sp,sp,-8
 414:	84ae                	mv	s1,a1
 416:	842a                	mv	s0,a0
 418:	c22a                	sw	a0,4(sp)
 41a:	6ea000ef          	jal	ra,b04 <FLASH_Unlock_Fast>
 41e:	03100513          	li	a0,49
 422:	2d21                	jal	a3a <FLASH_ClearFlag>
 424:	08442503          	lw	a0,132(s0)
 428:	708000ef          	jal	ra,b30 <FLASH_ErasePage_Fast>
 42c:	4405                	li	s0,1
 42e:	2d11                	jal	a42 <FLASH_GetStatus>
 430:	fe850fe3          	beq	a0,s0,42e <flash_write_page+0x32>
 434:	c002                	sw	zero,0(sp)
 436:	4405                	li	s0,1
 438:	309c                	lbu	a5,1(s1)
 43a:	07a2                	slli	a5,a5,0x8
 43c:	20ac                	lbu	a1,2(s1)
 43e:	05c2                	slli	a1,a1,0x10
 440:	8fcd                	or	a5,a5,a1
 442:	208c                	lbu	a1,0(s1)
 444:	8fcd                	or	a5,a5,a1
 446:	30ac                	lbu	a1,3(s1)
 448:	05e2                	slli	a1,a1,0x18
 44a:	4712                	lw	a4,4(sp)
 44c:	08472503          	lw	a0,132(a4)
 450:	8ddd                	or	a1,a1,a5
 452:	4782                	lw	a5,0(sp)
 454:	953e                	add	a0,a0,a5
 456:	25b9                	jal	aa4 <FLASH_ProgramWord>
 458:	23ed                	jal	a42 <FLASH_GetStatus>
 45a:	fe850fe3          	beq	a0,s0,458 <flash_write_page+0x5c>
 45e:	4782                	lw	a5,0(sp)
 460:	0791                	addi	a5,a5,4
 462:	873e                	mv	a4,a5
 464:	c03e                	sw	a5,0(sp)
 466:	0491                	addi	s1,s1,4
 468:	04000793          	li	a5,64
 46c:	fcf716e3          	bne	a4,a5,438 <flash_write_page+0x3c>
 470:	6b2000ef          	jal	ra,b22 <FLASH_Lock_Fast>
 474:	4712                	lw	a4,4(sp)
 476:	08472783          	lw	a5,132(a4)
 47a:	04078793          	addi	a5,a5,64
 47e:	08f72223          	sw	a5,132(a4)
 482:	0121                	addi	sp,sp,8
 484:	b11d                	j	aa <__riscv_restore_0>

00000486 <flash_save_metadata>:
 486:	c1bff2ef          	jal	t0,a0 <__riscv_save_0>
 48a:	84aa                	mv	s1,a0
 48c:	678000ef          	jal	ra,b04 <FLASH_Unlock_Fast>
 490:	03100513          	li	a0,49
 494:	235d                	jal	a3a <FLASH_ClearFlag>
 496:	08004537          	lui	a0,0x8004
 49a:	fc050513          	addi	a0,a0,-64 # 8003fc0 <__bootloader_size+0x8002fc0>
 49e:	692000ef          	jal	ra,b30 <FLASH_ErasePage_Fast>
 4a2:	4405                	li	s0,1
 4a4:	2b79                	jal	a42 <FLASH_GetStatus>
 4a6:	fe850fe3          	beq	a0,s0,4a4 <flash_save_metadata+0x1e>
 4aa:	208c                	lbu	a1,0(s1)
 4ac:	08004537          	lui	a0,0x8004
 4b0:	fc050513          	addi	a0,a0,-64 # 8003fc0 <__bootloader_size+0x8002fc0>
 4b4:	2bc5                	jal	aa4 <FLASH_ProgramWord>
 4b6:	4405                	li	s0,1
 4b8:	2369                	jal	a42 <FLASH_GetStatus>
 4ba:	fe850fe3          	beq	a0,s0,4b8 <flash_save_metadata+0x32>
 4be:	40cc                	lw	a1,4(s1)
 4c0:	08004537          	lui	a0,0x8004
 4c4:	fc450513          	addi	a0,a0,-60 # 8003fc4 <__bootloader_size+0x8002fc4>
 4c8:	2bf1                	jal	aa4 <FLASH_ProgramWord>
 4ca:	4405                	li	s0,1
 4cc:	2b9d                	jal	a42 <FLASH_GetStatus>
 4ce:	fe850fe3          	beq	a0,s0,4cc <flash_save_metadata+0x46>
 4d2:	2d81                	jal	b22 <FLASH_Lock_Fast>
 4d4:	bed9                	j	aa <__riscv_restore_0>

000004d6 <crc16_cal>:
 4d6:	c5a1                	beqz	a1,51e <crc16_cal+0x48>
 4d8:	862a                	mv	a2,a0
 4da:	0505                	addi	a0,a0,1
 4dc:	fff58793          	addi	a5,a1,-1
 4e0:	07c2                	slli	a5,a5,0x10
 4e2:	83c1                	srli	a5,a5,0x10
 4e4:	00f505b3          	add	a1,a0,a5
 4e8:	6541                	lui	a0,0x10
 4ea:	157d                	addi	a0,a0,-1
 4ec:	4321                	li	t1,8
 4ee:	76e9                	lui	a3,0xffffa
 4f0:	0685                	addi	a3,a3,1
 4f2:	a00d                	j	514 <crc16_cal+0x3e>
 4f4:	8105                	srli	a0,a0,0x1
 4f6:	17fd                	addi	a5,a5,-1
 4f8:	0ff7f793          	andi	a5,a5,255
 4fc:	cb89                	beqz	a5,50e <crc16_cal+0x38>
 4fe:	00157713          	andi	a4,a0,1
 502:	db6d                	beqz	a4,4f4 <crc16_cal+0x1e>
 504:	8105                	srli	a0,a0,0x1
 506:	8d35                	xor	a0,a0,a3
 508:	0542                	slli	a0,a0,0x10
 50a:	8141                	srli	a0,a0,0x10
 50c:	b7ed                	j	4f6 <crc16_cal+0x20>
 50e:	0605                	addi	a2,a2,1
 510:	00b60663          	beq	a2,a1,51c <crc16_cal+0x46>
 514:	221c                	lbu	a5,0(a2)
 516:	8d3d                	xor	a0,a0,a5
 518:	879a                	mv	a5,t1
 51a:	b7d5                	j	4fe <crc16_cal+0x28>
 51c:	8082                	ret
 51e:	6541                	lui	a0,0x10
 520:	157d                	addi	a0,a0,-1
 522:	8082                	ret

00000524 <jump_to_app>:
 524:	b7dff2ef          	jal	t0,a0 <__riscv_save_0>
 528:	08800793          	li	a5,136
 52c:	3007b073          	csrc	mstatus,a5
 530:	0000100f          	fence.i
 534:	e000e7b7          	lui	a5,0xe000e
 538:	4705                	li	a4,1
 53a:	28e7a223          	sw	a4,644(a5) # e000e284 <__global_pointer$+0xc000da4c>
 53e:	40014537          	lui	a0,0x40014
 542:	80050513          	addi	a0,a0,-2048 # 40013800 <__global_pointer$+0x20012fc8>
 546:	0ab000ef          	jal	ra,df0 <USART_DeInit>
 54a:	40011537          	lui	a0,0x40011
 54e:	40050513          	addi	a0,a0,1024 # 40011400 <__global_pointer$+0x20010bc8>
 552:	2d31                	jal	b6e <GPIO_DeInit>
 554:	40011537          	lui	a0,0x40011
 558:	2d19                	jal	b6e <GPIO_DeInit>
 55a:	4581                	li	a1,0
 55c:	6511                	lui	a0,0x4
 55e:	03150513          	addi	a0,a0,49 # 4031 <__bootloader_size+0x3031>
 562:	053000ef          	jal	ra,db4 <RCC_APB2PeriphClockCmd>
 566:	6505                	lui	a0,0x1
 568:	24f000ef          	jal	ra,fb6 <__set_MEPC>
 56c:	30200073          	mret
 570:	a001                	j	570 <jump_to_app+0x4c>

00000572 <UART_decode>:
 572:	b2fff2ef          	jal	t0,a0 <__riscv_save_0>
 576:	84aa                	mv	s1,a0
 578:	3d39                	jal	396 <UART_packetDataReset>
 57a:	8526                	mv	a0,s1
 57c:	3589                	jal	3be <UART_packet_parse>
 57e:	89418413          	addi	s0,gp,-1900 # 200000cc <packet>
 582:	200c                	lbu	a1,0(s0)
 584:	15fd                	addi	a1,a1,-1
 586:	05c2                	slli	a1,a1,0x10
 588:	81c1                	srli	a1,a1,0x10
 58a:	00148513          	addi	a0,s1,1
 58e:	37a1                	jal	4d6 <crc16_cal>
 590:	04445783          	lhu	a5,68(s0)
 594:	02a78f63          	beq	a5,a0,5d2 <UART_decode+0x60>
 598:	200004b7          	lui	s1,0x20000
 59c:	03848413          	addi	s0,s1,56 # 20000038 <_edata>
 5a0:	faa00793          	li	a5,-86
 5a4:	a01c                	sb	a5,0(s0)
 5a6:	4795                	li	a5,5
 5a8:	b01c                	sb	a5,1(s0)
 5aa:	4785                	li	a5,1
 5ac:	a03c                	sb	a5,2(s0)
 5ae:	f8100713          	li	a4,-127
 5b2:	b038                	sb	a4,3(s0)
 5b4:	a05c                	sb	a5,4(s0)
 5b6:	4591                	li	a1,4
 5b8:	00140513          	addi	a0,s0,1
 5bc:	3f29                	jal	4d6 <crc16_cal>
 5be:	b048                	sb	a0,5(s0)
 5c0:	8121                	srli	a0,a0,0x8
 5c2:	a068                	sb	a0,6(s0)
 5c4:	08000593          	li	a1,128
 5c8:	03848513          	addi	a0,s1,56
 5cc:	3165                	jal	274 <UartSendBuffer>
 5ce:	3b45                	jal	37e <UART_buffer_clear>
 5d0:	bce9                	j	aa <__riscv_restore_0>
 5d2:	3375                	jal	37e <UART_buffer_clear>
 5d4:	8951c703          	lbu	a4,-1899(gp) # 200000cd <packet+0x1>
 5d8:	47c1                	li	a5,16
 5da:	fef71be3          	bne	a4,a5,5d0 <UART_decode+0x5e>
 5de:	8961c783          	lbu	a5,-1898(gp) # 200000ce <packet+0x2>
 5e2:	470d                	li	a4,3
 5e4:	0ce78963          	beq	a5,a4,6b6 <UART_decode+0x144>
 5e8:	06f76063          	bltu	a4,a5,648 <UART_decode+0xd6>
 5ec:	4705                	li	a4,1
 5ee:	fee791e3          	bne	a5,a4,5d0 <UART_decode+0x5e>
 5f2:	200004b7          	lui	s1,0x20000
 5f6:	03848413          	addi	s0,s1,56 # 20000038 <_edata>
 5fa:	faa00793          	li	a5,-86
 5fe:	a01c                	sb	a5,0(s0)
 600:	47ad                	li	a5,11
 602:	b01c                	sb	a5,1(s0)
 604:	4705                	li	a4,1
 606:	a038                	sb	a4,2(s0)
 608:	f8000793          	li	a5,-128
 60c:	b03c                	sb	a5,3(s0)
 60e:	4789                	li	a5,2
 610:	a05c                	sb	a5,4(s0)
 612:	b058                	sb	a4,5(s0)
 614:	a07c                	sb	a5,6(s0)
 616:	8901a783          	lw	a5,-1904(gp) # 200000c8 <metadata+0x4>
 61a:	0187d713          	srli	a4,a5,0x18
 61e:	b078                	sb	a4,7(s0)
 620:	0107d713          	srli	a4,a5,0x10
 624:	a418                	sb	a4,8(s0)
 626:	0087d713          	srli	a4,a5,0x8
 62a:	b418                	sb	a4,9(s0)
 62c:	a43c                	sb	a5,10(s0)
 62e:	45a9                	li	a1,10
 630:	00140513          	addi	a0,s0,1
 634:	354d                	jal	4d6 <crc16_cal>
 636:	b428                	sb	a0,11(s0)
 638:	8121                	srli	a0,a0,0x8
 63a:	a448                	sb	a0,12(s0)
 63c:	08000593          	li	a1,128
 640:	03848513          	addi	a0,s1,56
 644:	3905                	jal	274 <UartSendBuffer>
 646:	b769                	j	5d0 <UART_decode+0x5e>
 648:	4715                	li	a4,5
 64a:	0ae78863          	beq	a5,a4,6fa <UART_decode+0x188>
 64e:	4719                	li	a4,6
 650:	f8e790e3          	bne	a5,a4,5d0 <UART_decode+0x5e>
 654:	88c18613          	addi	a2,gp,-1908 # 200000c4 <metadata>
 658:	89418713          	addi	a4,gp,-1900 # 200000cc <packet>
 65c:	333c                	lbu	a5,3(a4)
 65e:	a21c                	sb	a5,0(a2)
 660:	235c                	lbu	a5,4(a4)
 662:	07e2                	slli	a5,a5,0x18
 664:	3354                	lbu	a3,5(a4)
 666:	06c2                	slli	a3,a3,0x10
 668:	8fd5                	or	a5,a5,a3
 66a:	3374                	lbu	a3,7(a4)
 66c:	8fd5                	or	a5,a5,a3
 66e:	2378                	lbu	a4,6(a4)
 670:	0722                	slli	a4,a4,0x8
 672:	8fd9                	or	a5,a5,a4
 674:	c25c                	sw	a5,4(a2)
 676:	88c18513          	addi	a0,gp,-1908 # 200000c4 <metadata>
 67a:	3531                	jal	486 <flash_save_metadata>
 67c:	200004b7          	lui	s1,0x20000
 680:	03848413          	addi	s0,s1,56 # 20000038 <_edata>
 684:	faa00793          	li	a5,-86
 688:	a01c                	sb	a5,0(s0)
 68a:	4795                	li	a5,5
 68c:	b01c                	sb	a5,1(s0)
 68e:	4785                	li	a5,1
 690:	a03c                	sb	a5,2(s0)
 692:	f8000793          	li	a5,-128
 696:	b03c                	sb	a5,3(s0)
 698:	478d                	li	a5,3
 69a:	a05c                	sb	a5,4(s0)
 69c:	4591                	li	a1,4
 69e:	00140513          	addi	a0,s0,1
 6a2:	3d15                	jal	4d6 <crc16_cal>
 6a4:	b048                	sb	a0,5(s0)
 6a6:	8121                	srli	a0,a0,0x8
 6a8:	a068                	sb	a0,6(s0)
 6aa:	08000593          	li	a1,128
 6ae:	03848513          	addi	a0,s1,56
 6b2:	36c9                	jal	274 <UartSendBuffer>
 6b4:	3d85                	jal	524 <jump_to_app>
 6b6:	200004b7          	lui	s1,0x20000
 6ba:	03848413          	addi	s0,s1,56 # 20000038 <_edata>
 6be:	89718593          	addi	a1,gp,-1897 # 200000cf <packet+0x3>
 6c2:	03848513          	addi	a0,s1,56
 6c6:	3b1d                	jal	3fc <flash_write_page>
 6c8:	faa00793          	li	a5,-86
 6cc:	a01c                	sb	a5,0(s0)
 6ce:	4795                	li	a5,5
 6d0:	b01c                	sb	a5,1(s0)
 6d2:	4785                	li	a5,1
 6d4:	a03c                	sb	a5,2(s0)
 6d6:	f8000793          	li	a5,-128
 6da:	b03c                	sb	a5,3(s0)
 6dc:	47c1                	li	a5,16
 6de:	a05c                	sb	a5,4(s0)
 6e0:	4591                	li	a1,4
 6e2:	00140513          	addi	a0,s0,1
 6e6:	3bc5                	jal	4d6 <crc16_cal>
 6e8:	b048                	sb	a0,5(s0)
 6ea:	8121                	srli	a0,a0,0x8
 6ec:	a068                	sb	a0,6(s0)
 6ee:	08000593          	li	a1,128
 6f2:	03848513          	addi	a0,s1,56
 6f6:	3ebd                	jal	274 <UartSendBuffer>
 6f8:	bde1                	j	5d0 <UART_decode+0x5e>
 6fa:	200004b7          	lui	s1,0x20000
 6fe:	03848413          	addi	s0,s1,56 # 20000038 <_edata>
 702:	faa00793          	li	a5,-86
 706:	a01c                	sb	a5,0(s0)
 708:	4795                	li	a5,5
 70a:	b01c                	sb	a5,1(s0)
 70c:	4785                	li	a5,1
 70e:	a03c                	sb	a5,2(s0)
 710:	f8000793          	li	a5,-128
 714:	b03c                	sb	a5,3(s0)
 716:	478d                	li	a5,3
 718:	a05c                	sb	a5,4(s0)
 71a:	4591                	li	a1,4
 71c:	00140513          	addi	a0,s0,1
 720:	3b5d                	jal	4d6 <crc16_cal>
 722:	b048                	sb	a0,5(s0)
 724:	8121                	srli	a0,a0,0x8
 726:	a068                	sb	a0,6(s0)
 728:	08000593          	li	a1,128
 72c:	03848513          	addi	a0,s1,56
 730:	3691                	jal	274 <UartSendBuffer>
 732:	3bcd                	jal	524 <jump_to_app>

00000734 <main>:
 734:	96dff2ef          	jal	t0,a0 <__riscv_save_0>
 738:	2abd                	jal	8b6 <SystemCoreClockUpdate>
 73a:	3429                	jal	144 <LinkPinout_Init>
 73c:	349d                	jal	1a2 <USART1_Init>
 73e:	08004737          	lui	a4,0x8004
 742:	fc472683          	lw	a3,-60(a4) # 8003fc4 <__bootloader_size+0x8002fc4>
 746:	88c18793          	addi	a5,gp,-1908 # 200000c4 <metadata>
 74a:	c3d4                	sw	a3,4(a5)
 74c:	fc074703          	lbu	a4,-64(a4)
 750:	a398                	sb	a4,0(a5)
 752:	200007b7          	lui	a5,0x20000
 756:	03878793          	addi	a5,a5,56 # 20000038 <_edata>
 75a:	080780a3          	sb	zero,129(a5)
 75e:	08078023          	sb	zero,128(a5)
 762:	08001737          	lui	a4,0x8001
 766:	08e7a223          	sw	a4,132(a5)
 76a:	45c1                	li	a1,16
 76c:	40011537          	lui	a0,0x40011
 770:	40050513          	addi	a0,a0,1024 # 40011400 <__global_pointer$+0x20010bc8>
 774:	297d                	jal	c32 <GPIO_ReadInputDataBit>
 776:	4785                	li	a5,1
 778:	00f50763          	beq	a0,a5,786 <main+0x52>
 77c:	88c1c703          	lbu	a4,-1908(gp) # 200000c4 <metadata>
 780:	4785                	li	a5,1
 782:	04f71063          	bne	a4,a5,7c2 <main+0x8e>
 786:	4605                	li	a2,1
 788:	4585                	li	a1,1
 78a:	40011537          	lui	a0,0x40011
 78e:	40050513          	addi	a0,a0,1024 # 40011400 <__global_pointer$+0x20010bc8>
 792:	216d                	jal	c3c <GPIO_WriteBit>
 794:	4605                	li	a2,1
 796:	4585                	li	a1,1
 798:	40011537          	lui	a0,0x40011
 79c:	2145                	jal	c3c <GPIO_WriteBit>
 79e:	20000437          	lui	s0,0x20000
 7a2:	03840413          	addi	s0,s0,56 # 20000038 <_edata>
 7a6:	a031                	j	7b2 <main+0x7e>
 7a8:	8522                	mv	a0,s0
 7aa:	33e1                	jal	572 <UART_decode>
 7ac:	080400a3          	sb	zero,129(s0)
 7b0:	36f9                	jal	37e <UART_buffer_clear>
 7b2:	4705                	li	a4,1
 7b4:	08144783          	lbu	a5,129(s0)
 7b8:	0ff7f793          	andi	a5,a5,255
 7bc:	fee79ce3          	bne	a5,a4,7b4 <main+0x80>
 7c0:	b7e5                	j	7a8 <main+0x74>
 7c2:	4601                	li	a2,0
 7c4:	4585                	li	a1,1
 7c6:	40011537          	lui	a0,0x40011
 7ca:	298d                	jal	c3c <GPIO_WriteBit>
 7cc:	3ba1                	jal	524 <jump_to_app>

000007ce <SystemInit>:
 7ce:	8d3ff2ef          	jal	t0,a0 <__riscv_save_0>
 7d2:	40021437          	lui	s0,0x40021
 7d6:	401c                	lw	a5,0(s0)
 7d8:	0017e793          	ori	a5,a5,1
 7dc:	c01c                	sw	a5,0(s0)
 7de:	405c                	lw	a5,4(s0)
 7e0:	f8ff0737          	lui	a4,0xf8ff0
 7e4:	8ff9                	and	a5,a5,a4
 7e6:	c05c                	sw	a5,4(s0)
 7e8:	401c                	lw	a5,0(s0)
 7ea:	fef70737          	lui	a4,0xfef70
 7ee:	177d                	addi	a4,a4,-1
 7f0:	8ff9                	and	a5,a5,a4
 7f2:	c01c                	sw	a5,0(s0)
 7f4:	401c                	lw	a5,0(s0)
 7f6:	fffc0737          	lui	a4,0xfffc0
 7fa:	177d                	addi	a4,a4,-1
 7fc:	8ff9                	and	a5,a5,a4
 7fe:	c01c                	sw	a5,0(s0)
 800:	405c                	lw	a5,4(s0)
 802:	7741                	lui	a4,0xffff0
 804:	177d                	addi	a4,a4,-1
 806:	8ff9                	and	a5,a5,a4
 808:	c05c                	sw	a5,4(s0)
 80a:	009f07b7          	lui	a5,0x9f0
 80e:	c41c                	sw	a5,8(s0)
 810:	4541                	li	a0,16
 812:	2965                	jal	cca <RCC_AdjustHSICalibrationValue>
 814:	4c1c                	lw	a5,24(s0)
 816:	0207e793          	ori	a5,a5,32
 81a:	cc1c                	sw	a5,24(s0)
 81c:	400117b7          	lui	a5,0x40011
 820:	40078693          	addi	a3,a5,1024 # 40011400 <__global_pointer$+0x20010bc8>
 824:	4007a703          	lw	a4,1024(a5)
 828:	f0f77713          	andi	a4,a4,-241
 82c:	40e7a023          	sw	a4,1024(a5)
 830:	4007a703          	lw	a4,1024(a5)
 834:	08076713          	ori	a4,a4,128
 838:	40e7a023          	sw	a4,1024(a5)
 83c:	4789                	li	a5,2
 83e:	ca9c                	sw	a5,16(a3)
 840:	1ffff7b7          	lui	a5,0x1ffff
 844:	7d47c503          	lbu	a0,2004(a5) # 1ffff7d4 <__bootloader_size+0x1fffe7d4>
 848:	0ff00793          	li	a5,255
 84c:	06f51263          	bne	a0,a5,8b0 <SystemInit+0xe2>
 850:	400227b7          	lui	a5,0x40022
 854:	4398                	lw	a4,0(a5)
 856:	9b71                	andi	a4,a4,-4
 858:	c398                	sw	a4,0(a5)
 85a:	4398                	lw	a4,0(a5)
 85c:	00176713          	ori	a4,a4,1
 860:	c398                	sw	a4,0(a5)
 862:	400217b7          	lui	a5,0x40021
 866:	43d8                	lw	a4,4(a5)
 868:	c3d8                	sw	a4,4(a5)
 86a:	43d8                	lw	a4,4(a5)
 86c:	76c1                	lui	a3,0xffff0
 86e:	16fd                	addi	a3,a3,-1
 870:	8f75                	and	a4,a4,a3
 872:	c3d8                	sw	a4,4(a5)
 874:	43d8                	lw	a4,4(a5)
 876:	c3d8                	sw	a4,4(a5)
 878:	4398                	lw	a4,0(a5)
 87a:	010006b7          	lui	a3,0x1000
 87e:	8f55                	or	a4,a4,a3
 880:	c398                	sw	a4,0(a5)
 882:	4398                	lw	a4,0(a5)
 884:	00671693          	slli	a3,a4,0x6
 888:	fe06dde3          	bgez	a3,882 <SystemInit+0xb4>
 88c:	400217b7          	lui	a5,0x40021
 890:	43d8                	lw	a4,4(a5)
 892:	9b71                	andi	a4,a4,-4
 894:	c3d8                	sw	a4,4(a5)
 896:	43d8                	lw	a4,4(a5)
 898:	00276713          	ori	a4,a4,2
 89c:	c3d8                	sw	a4,4(a5)
 89e:	400216b7          	lui	a3,0x40021
 8a2:	4721                	li	a4,8
 8a4:	42dc                	lw	a5,4(a3)
 8a6:	8bb1                	andi	a5,a5,12
 8a8:	fee79ee3          	bne	a5,a4,8a4 <SystemInit+0xd6>
 8ac:	ffeff06f          	j	aa <__riscv_restore_0>
 8b0:	897d                	andi	a0,a0,31
 8b2:	2921                	jal	cca <RCC_AdjustHSICalibrationValue>
 8b4:	bf71                	j	850 <SystemInit+0x82>

000008b6 <SystemCoreClockUpdate>:
 8b6:	400217b7          	lui	a5,0x40021
 8ba:	43dc                	lw	a5,4(a5)
 8bc:	8bb1                	andi	a5,a5,12
 8be:	4711                	li	a4,4
 8c0:	06e78763          	beq	a5,a4,92e <SystemCoreClockUpdate+0x78>
 8c4:	4721                	li	a4,8
 8c6:	06e78d63          	beq	a5,a4,940 <SystemCoreClockUpdate+0x8a>
 8ca:	cb91                	beqz	a5,8de <SystemCoreClockUpdate+0x28>
 8cc:	20000737          	lui	a4,0x20000
 8d0:	016e37b7          	lui	a5,0x16e3
 8d4:	60078793          	addi	a5,a5,1536 # 16e3600 <__bootloader_size+0x16e2600>
 8d8:	00f72823          	sw	a5,16(a4) # 20000010 <SystemCoreClock>
 8dc:	a809                	j	8ee <SystemCoreClockUpdate+0x38>
 8de:	20000737          	lui	a4,0x20000
 8e2:	016e37b7          	lui	a5,0x16e3
 8e6:	60078793          	addi	a5,a5,1536 # 16e3600 <__bootloader_size+0x16e2600>
 8ea:	00f72823          	sw	a5,16(a4) # 20000010 <SystemCoreClock>
 8ee:	400216b7          	lui	a3,0x40021
 8f2:	42dc                	lw	a5,4(a3)
 8f4:	8391                	srli	a5,a5,0x4
 8f6:	00f7f713          	andi	a4,a5,15
 8fa:	200007b7          	lui	a5,0x20000
 8fe:	00078793          	mv	a5,a5
 902:	97ba                	add	a5,a5,a4
 904:	238c                	lbu	a1,0(a5)
 906:	0ff5f593          	andi	a1,a1,255
 90a:	42dc                	lw	a5,4(a3)
 90c:	0807f793          	andi	a5,a5,128
 910:	e3ad                	bnez	a5,972 <SystemCoreClockUpdate+0xbc>
 912:	f8eff2ef          	jal	t0,a0 <__riscv_save_0>
 916:	200007b7          	lui	a5,0x20000
 91a:	0107a503          	lw	a0,16(a5) # 20000010 <SystemCoreClock>
 91e:	f9eff0ef          	jal	ra,bc <__udivsi3>
 922:	200007b7          	lui	a5,0x20000
 926:	00a7a823          	sw	a0,16(a5) # 20000010 <SystemCoreClock>
 92a:	f80ff06f          	j	aa <__riscv_restore_0>
 92e:	20000737          	lui	a4,0x20000
 932:	016e37b7          	lui	a5,0x16e3
 936:	60078793          	addi	a5,a5,1536 # 16e3600 <__bootloader_size+0x16e2600>
 93a:	00f72823          	sw	a5,16(a4) # 20000010 <SystemCoreClock>
 93e:	bf45                	j	8ee <SystemCoreClockUpdate+0x38>
 940:	400217b7          	lui	a5,0x40021
 944:	43dc                	lw	a5,4(a5)
 946:	00f79713          	slli	a4,a5,0xf
 94a:	00074b63          	bltz	a4,960 <SystemCoreClockUpdate+0xaa>
 94e:	20000737          	lui	a4,0x20000
 952:	02dc77b7          	lui	a5,0x2dc7
 956:	c0078793          	addi	a5,a5,-1024 # 2dc6c00 <__bootloader_size+0x2dc5c00>
 95a:	00f72823          	sw	a5,16(a4) # 20000010 <SystemCoreClock>
 95e:	bf41                	j	8ee <SystemCoreClockUpdate+0x38>
 960:	20000737          	lui	a4,0x20000
 964:	02dc77b7          	lui	a5,0x2dc7
 968:	c0078793          	addi	a5,a5,-1024 # 2dc6c00 <__bootloader_size+0x2dc5c00>
 96c:	00f72823          	sw	a5,16(a4) # 20000010 <SystemCoreClock>
 970:	bfbd                	j	8ee <SystemCoreClockUpdate+0x38>
 972:	200007b7          	lui	a5,0x20000
 976:	0107a503          	lw	a0,16(a5) # 20000010 <SystemCoreClock>
 97a:	00b55533          	srl	a0,a0,a1
 97e:	200007b7          	lui	a5,0x20000
 982:	00a7a823          	sw	a0,16(a5) # 20000010 <SystemCoreClock>
 986:	8082                	ret

00000988 <ADC1_IRQHandler>:
 988:	a001                	j	988 <ADC1_IRQHandler>

0000098a <handle_reset>:
 98a:	20000197          	auipc	gp,0x20000
 98e:	eae18193          	addi	gp,gp,-338 # 20000838 <__global_pointer$>
 992:	fc818113          	addi	sp,gp,-56 # 20000800 <_eusrstack>
 996:	0a000513          	li	a0,160
 99a:	1ffff597          	auipc	a1,0x1ffff
 99e:	66658593          	addi	a1,a1,1638 # 20000000 <_highcode_vma_end>
 9a2:	1ffff617          	auipc	a2,0x1ffff
 9a6:	65e60613          	addi	a2,a2,1630 # 20000000 <_highcode_vma_end>
 9aa:	00c5fa63          	bgeu	a1,a2,9be <handle_reset+0x34>
 9ae:	00052283          	lw	t0,0(a0) # 40011000 <__global_pointer$+0x200107c8>
 9b2:	0055a023          	sw	t0,0(a1)
 9b6:	0511                	addi	a0,a0,4
 9b8:	0591                	addi	a1,a1,4
 9ba:	fec5eae3          	bltu	a1,a2,9ae <handle_reset+0x24>
 9be:	00000517          	auipc	a0,0x0
 9c2:	5fe50513          	addi	a0,a0,1534 # fbc <_data_lma>
 9c6:	1ffff597          	auipc	a1,0x1ffff
 9ca:	63a58593          	addi	a1,a1,1594 # 20000000 <_highcode_vma_end>
 9ce:	1ffff617          	auipc	a2,0x1ffff
 9d2:	66a60613          	addi	a2,a2,1642 # 20000038 <_edata>
 9d6:	00c5fa63          	bgeu	a1,a2,9ea <handle_reset+0x60>
 9da:	00052283          	lw	t0,0(a0)
 9de:	0055a023          	sw	t0,0(a1)
 9e2:	0511                	addi	a0,a0,4
 9e4:	0591                	addi	a1,a1,4
 9e6:	fec5eae3          	bltu	a1,a2,9da <handle_reset+0x50>
 9ea:	1ffff517          	auipc	a0,0x1ffff
 9ee:	64e50513          	addi	a0,a0,1614 # 20000038 <_edata>
 9f2:	8e018593          	addi	a1,gp,-1824 # 20000118 <_ebss>
 9f6:	00b57763          	bgeu	a0,a1,a04 <handle_reset+0x7a>
 9fa:	00052023          	sw	zero,0(a0)
 9fe:	0511                	addi	a0,a0,4
 a00:	feb56de3          	bltu	a0,a1,9fa <handle_reset+0x70>
 a04:	000022b7          	lui	t0,0x2
 a08:	88028293          	addi	t0,t0,-1920 # 1880 <__bootloader_size+0x880>
 a0c:	30029073          	csrw	mstatus,t0
 a10:	428d                	li	t0,3
 a12:	80429073          	csrw	0x804,t0
 a16:	fffff297          	auipc	t0,0xfffff
 a1a:	5ea28293          	addi	t0,t0,1514 # 0 <_sinit>
 a1e:	0032e293          	ori	t0,t0,3
 a22:	30529073          	csrw	mtvec,t0
 a26:	da9ff0ef          	jal	ra,7ce <SystemInit>
 a2a:	00000297          	auipc	t0,0x0
 a2e:	d0a28293          	addi	t0,t0,-758 # 734 <main>
 a32:	34129073          	csrw	mepc,t0
 a36:	30200073          	mret

00000a3a <FLASH_ClearFlag>:
 a3a:	400227b7          	lui	a5,0x40022
 a3e:	c7c8                	sw	a0,12(a5)
 a40:	8082                	ret

00000a42 <FLASH_GetStatus>:
 a42:	400227b7          	lui	a5,0x40022
 a46:	47dc                	lw	a5,12(a5)
 a48:	8b85                	andi	a5,a5,1
 a4a:	4505                	li	a0,1
 a4c:	eb81                	bnez	a5,a5c <FLASH_GetStatus+0x1a>
 a4e:	400227b7          	lui	a5,0x40022
 a52:	47c8                	lw	a0,12(a5)
 a54:	8941                	andi	a0,a0,16
 a56:	00153513          	seqz	a0,a0
 a5a:	050d                	addi	a0,a0,3
 a5c:	8082                	ret

00000a5e <FLASH_GetBank1Status>:
 a5e:	400227b7          	lui	a5,0x40022
 a62:	47dc                	lw	a5,12(a5)
 a64:	8b85                	andi	a5,a5,1
 a66:	4505                	li	a0,1
 a68:	eb81                	bnez	a5,a78 <FLASH_GetBank1Status+0x1a>
 a6a:	400227b7          	lui	a5,0x40022
 a6e:	47c8                	lw	a0,12(a5)
 a70:	8941                	andi	a0,a0,16
 a72:	00153513          	seqz	a0,a0
 a76:	050d                	addi	a0,a0,3
 a78:	8082                	ret

00000a7a <FLASH_WaitForLastOperation>:
 a7a:	e26ff2ef          	jal	t0,a0 <__riscv_save_0>
 a7e:	842a                	mv	s0,a0
 a80:	3ff9                	jal	a5e <FLASH_GetBank1Status>
 a82:	4785                	li	a5,1
 a84:	00f51b63          	bne	a0,a5,a9a <FLASH_WaitForLastOperation+0x20>
 a88:	c419                	beqz	s0,a96 <FLASH_WaitForLastOperation+0x1c>
 a8a:	4485                	li	s1,1
 a8c:	3fc9                	jal	a5e <FLASH_GetBank1Status>
 a8e:	147d                	addi	s0,s0,-1
 a90:	00951563          	bne	a0,s1,a9a <FLASH_WaitForLastOperation+0x20>
 a94:	fc65                	bnez	s0,a8c <FLASH_WaitForLastOperation+0x12>
 a96:	4515                	li	a0,5
 a98:	a011                	j	a9c <FLASH_WaitForLastOperation+0x22>
 a9a:	c019                	beqz	s0,aa0 <FLASH_WaitForLastOperation+0x26>
 a9c:	e0eff06f          	j	aa <__riscv_restore_0>
 aa0:	4515                	li	a0,5
 aa2:	bfed                	j	a9c <FLASH_WaitForLastOperation+0x22>

00000aa4 <FLASH_ProgramWord>:
 aa4:	dfcff2ef          	jal	t0,a0 <__riscv_save_0>
 aa8:	1171                	addi	sp,sp,-4
 aaa:	84aa                	mv	s1,a0
 aac:	842e                	mv	s0,a1
 aae:	c002                	sw	zero,0(sp)
 ab0:	6509                	lui	a0,0x2
 ab2:	37e1                	jal	a7a <FLASH_WaitForLastOperation>
 ab4:	4791                	li	a5,4
 ab6:	00f50563          	beq	a0,a5,ac0 <FLASH_ProgramWord+0x1c>
 aba:	0111                	addi	sp,sp,4
 abc:	deeff06f          	j	aa <__riscv_restore_0>
 ac0:	40022737          	lui	a4,0x40022
 ac4:	4b1c                	lw	a5,16(a4)
 ac6:	0017e793          	ori	a5,a5,1
 aca:	cb1c                	sw	a5,16(a4)
 acc:	01041793          	slli	a5,s0,0x10
 ad0:	83c1                	srli	a5,a5,0x10
 ad2:	a09e                	sh	a5,0(s1)
 ad4:	6509                	lui	a0,0x2
 ad6:	3755                	jal	a7a <FLASH_WaitForLastOperation>
 ad8:	4791                	li	a5,4
 ada:	00f50863          	beq	a0,a5,aea <FLASH_ProgramWord+0x46>
 ade:	40022737          	lui	a4,0x40022
 ae2:	4b1c                	lw	a5,16(a4)
 ae4:	9bf9                	andi	a5,a5,-2
 ae6:	cb1c                	sw	a5,16(a4)
 ae8:	bfc9                	j	aba <FLASH_ProgramWord+0x16>
 aea:	0489                	addi	s1,s1,2
 aec:	c026                	sw	s1,0(sp)
 aee:	4782                	lw	a5,0(sp)
 af0:	8041                	srli	s0,s0,0x10
 af2:	a382                	sh	s0,0(a5)
 af4:	6509                	lui	a0,0x2
 af6:	3751                	jal	a7a <FLASH_WaitForLastOperation>
 af8:	40022737          	lui	a4,0x40022
 afc:	4b1c                	lw	a5,16(a4)
 afe:	9bf9                	andi	a5,a5,-2
 b00:	cb1c                	sw	a5,16(a4)
 b02:	bf65                	j	aba <FLASH_ProgramWord+0x16>

00000b04 <FLASH_Unlock_Fast>:
 b04:	400227b7          	lui	a5,0x40022
 b08:	456706b7          	lui	a3,0x45670
 b0c:	12368693          	addi	a3,a3,291 # 45670123 <__global_pointer$+0x2566f8eb>
 b10:	c3d4                	sw	a3,4(a5)
 b12:	cdef9737          	lui	a4,0xcdef9
 b16:	9ab70713          	addi	a4,a4,-1621 # cdef89ab <__global_pointer$+0xadef8173>
 b1a:	c3d8                	sw	a4,4(a5)
 b1c:	d3d4                	sw	a3,36(a5)
 b1e:	d3d8                	sw	a4,36(a5)
 b20:	8082                	ret

00000b22 <FLASH_Lock_Fast>:
 b22:	40022737          	lui	a4,0x40022
 b26:	4b1c                	lw	a5,16(a4)
 b28:	66a1                	lui	a3,0x8
 b2a:	8fd5                	or	a5,a5,a3
 b2c:	cb1c                	sw	a5,16(a4)
 b2e:	8082                	ret

00000b30 <FLASH_ErasePage_Fast>:
 b30:	f80007b7          	lui	a5,0xf8000
 b34:	97aa                	add	a5,a5,a0
 b36:	6711                	lui	a4,0x4
 b38:	02e7fa63          	bgeu	a5,a4,b6c <FLASH_ErasePage_Fast+0x3c>
 b3c:	400227b7          	lui	a5,0x40022
 b40:	4b98                	lw	a4,16(a5)
 b42:	000206b7          	lui	a3,0x20
 b46:	8f55                	or	a4,a4,a3
 b48:	cb98                	sw	a4,16(a5)
 b4a:	cbc8                	sw	a0,20(a5)
 b4c:	4b98                	lw	a4,16(a5)
 b4e:	04076713          	ori	a4,a4,64
 b52:	cb98                	sw	a4,16(a5)
 b54:	40022737          	lui	a4,0x40022
 b58:	475c                	lw	a5,12(a4)
 b5a:	8b85                	andi	a5,a5,1
 b5c:	fff5                	bnez	a5,b58 <FLASH_ErasePage_Fast+0x28>
 b5e:	400226b7          	lui	a3,0x40022
 b62:	4a9c                	lw	a5,16(a3)
 b64:	7701                	lui	a4,0xfffe0
 b66:	177d                	addi	a4,a4,-1
 b68:	8ff9                	and	a5,a5,a4
 b6a:	ca9c                	sw	a5,16(a3)
 b6c:	8082                	ret

00000b6e <GPIO_DeInit>:
 b6e:	d32ff2ef          	jal	t0,a0 <__riscv_save_0>
 b72:	400117b7          	lui	a5,0x40011
 b76:	80078793          	addi	a5,a5,-2048 # 40010800 <__global_pointer$+0x2000ffc8>
 b7a:	00f50e63          	beq	a0,a5,b96 <GPIO_DeInit+0x28>
 b7e:	400117b7          	lui	a5,0x40011
 b82:	02f50163          	beq	a0,a5,ba4 <GPIO_DeInit+0x36>
 b86:	400117b7          	lui	a5,0x40011
 b8a:	40078793          	addi	a5,a5,1024 # 40011400 <__global_pointer$+0x20010bc8>
 b8e:	02f50263          	beq	a0,a5,bb2 <GPIO_DeInit+0x44>
 b92:	d18ff06f          	j	aa <__riscv_restore_0>
 b96:	4585                	li	a1,1
 b98:	4511                	li	a0,4
 b9a:	2c25                	jal	dd2 <RCC_APB2PeriphResetCmd>
 b9c:	4581                	li	a1,0
 b9e:	4511                	li	a0,4
 ba0:	2c0d                	jal	dd2 <RCC_APB2PeriphResetCmd>
 ba2:	bfc5                	j	b92 <GPIO_DeInit+0x24>
 ba4:	4585                	li	a1,1
 ba6:	4541                	li	a0,16
 ba8:	242d                	jal	dd2 <RCC_APB2PeriphResetCmd>
 baa:	4581                	li	a1,0
 bac:	4541                	li	a0,16
 bae:	2415                	jal	dd2 <RCC_APB2PeriphResetCmd>
 bb0:	b7cd                	j	b92 <GPIO_DeInit+0x24>
 bb2:	4585                	li	a1,1
 bb4:	02000513          	li	a0,32
 bb8:	2c29                	jal	dd2 <RCC_APB2PeriphResetCmd>
 bba:	4581                	li	a1,0
 bbc:	02000513          	li	a0,32
 bc0:	2c09                	jal	dd2 <RCC_APB2PeriphResetCmd>
 bc2:	bfc1                	j	b92 <GPIO_DeInit+0x24>

00000bc4 <GPIO_Init>:
 bc4:	1161                	addi	sp,sp,-8
 bc6:	c222                	sw	s0,4(sp)
 bc8:	c026                	sw	s1,0(sp)
 bca:	459c                	lw	a5,8(a1)
 bcc:	00f7f413          	andi	s0,a5,15
 bd0:	8bc1                	andi	a5,a5,16
 bd2:	c399                	beqz	a5,bd8 <GPIO_Init+0x14>
 bd4:	41dc                	lw	a5,4(a1)
 bd6:	8c5d                	or	s0,s0,a5
 bd8:	219c                	lbu	a5,0(a1)
 bda:	cba1                	beqz	a5,c2a <GPIO_Init+0x66>
 bdc:	4114                	lw	a3,0(a0)
 bde:	4781                	li	a5,0
 be0:	4385                	li	t2,1
 be2:	44bd                	li	s1,15
 be4:	42a1                	li	t0,8
 be6:	a029                	j	bf0 <GPIO_Init+0x2c>
 be8:	c950                	sw	a2,20(a0)
 bea:	0785                	addi	a5,a5,1
 bec:	02578e63          	beq	a5,t0,c28 <GPIO_Init+0x64>
 bf0:	00f39633          	sll	a2,t2,a5
 bf4:	219a                	lhu	a4,0(a1)
 bf6:	8f71                	and	a4,a4,a2
 bf8:	fee619e3          	bne	a2,a4,bea <GPIO_Init+0x26>
 bfc:	00279713          	slli	a4,a5,0x2
 c00:	00e49333          	sll	t1,s1,a4
 c04:	fff34313          	not	t1,t1
 c08:	00d376b3          	and	a3,t1,a3
 c0c:	00e41733          	sll	a4,s0,a4
 c10:	8ed9                	or	a3,a3,a4
 c12:	4598                	lw	a4,8(a1)
 c14:	02800313          	li	t1,40
 c18:	fc6708e3          	beq	a4,t1,be8 <GPIO_Init+0x24>
 c1c:	04800313          	li	t1,72
 c20:	fc6715e3          	bne	a4,t1,bea <GPIO_Init+0x26>
 c24:	c910                	sw	a2,16(a0)
 c26:	b7d1                	j	bea <GPIO_Init+0x26>
 c28:	c114                	sw	a3,0(a0)
 c2a:	4412                	lw	s0,4(sp)
 c2c:	4482                	lw	s1,0(sp)
 c2e:	0121                	addi	sp,sp,8
 c30:	8082                	ret

00000c32 <GPIO_ReadInputDataBit>:
 c32:	4508                	lw	a0,8(a0)
 c34:	8d6d                	and	a0,a0,a1
 c36:	00a03533          	snez	a0,a0
 c3a:	8082                	ret

00000c3c <GPIO_WriteBit>:
 c3c:	c219                	beqz	a2,c42 <GPIO_WriteBit+0x6>
 c3e:	c90c                	sw	a1,16(a0)
 c40:	8082                	ret
 c42:	c94c                	sw	a1,20(a0)
 c44:	8082                	ret

00000c46 <NVIC_Init>:
 c46:	8dc1a703          	lw	a4,-1828(gp) # 20000114 <NVIC_Priority_Group>
 c4a:	4785                	li	a5,1
 c4c:	02f70263          	beq	a4,a5,c70 <NVIC_Init+0x2a>
 c50:	415c                	lw	a5,4(a0)
 c52:	cfa1                	beqz	a5,caa <NVIC_Init+0x64>
 c54:	2118                	lbu	a4,0(a0)
 c56:	00575793          	srli	a5,a4,0x5
 c5a:	4685                	li	a3,1
 c5c:	00e696b3          	sll	a3,a3,a4
 c60:	04078793          	addi	a5,a5,64
 c64:	078a                	slli	a5,a5,0x2
 c66:	e000e737          	lui	a4,0xe000e
 c6a:	97ba                	add	a5,a5,a4
 c6c:	c394                	sw	a3,0(a5)
 c6e:	8082                	ret
 c70:	311c                	lbu	a5,1(a0)
 c72:	4705                	li	a4,1
 c74:	00e78e63          	beq	a5,a4,c90 <NVIC_Init+0x4a>
 c78:	ffe1                	bnez	a5,c50 <NVIC_Init+0xa>
 c7a:	2114                	lbu	a3,0(a0)
 c7c:	213c                	lbu	a5,2(a0)
 c7e:	079a                	slli	a5,a5,0x6
 c80:	0ff7f793          	andi	a5,a5,255
 c84:	e000e737          	lui	a4,0xe000e
 c88:	9736                	add	a4,a4,a3
 c8a:	40f70023          	sb	a5,1024(a4) # e000e400 <__global_pointer$+0xc000dbc8>
 c8e:	b7c9                	j	c50 <NVIC_Init+0xa>
 c90:	2114                	lbu	a3,0(a0)
 c92:	213c                	lbu	a5,2(a0)
 c94:	079a                	slli	a5,a5,0x6
 c96:	f807e793          	ori	a5,a5,-128
 c9a:	0ff7f793          	andi	a5,a5,255
 c9e:	e000e737          	lui	a4,0xe000e
 ca2:	9736                	add	a4,a4,a3
 ca4:	40f70023          	sb	a5,1024(a4) # e000e400 <__global_pointer$+0xc000dbc8>
 ca8:	b765                	j	c50 <NVIC_Init+0xa>
 caa:	2118                	lbu	a4,0(a0)
 cac:	00575793          	srli	a5,a4,0x5
 cb0:	4685                	li	a3,1
 cb2:	00e696b3          	sll	a3,a3,a4
 cb6:	06078793          	addi	a5,a5,96
 cba:	078a                	slli	a5,a5,0x2
 cbc:	e000e737          	lui	a4,0xe000e
 cc0:	97ba                	add	a5,a5,a4
 cc2:	c394                	sw	a3,0(a5)
 cc4:	0000100f          	fence.i
 cc8:	8082                	ret

00000cca <RCC_AdjustHSICalibrationValue>:
 cca:	40021737          	lui	a4,0x40021
 cce:	431c                	lw	a5,0(a4)
 cd0:	f077f793          	andi	a5,a5,-249
 cd4:	050e                	slli	a0,a0,0x3
 cd6:	8d5d                	or	a0,a0,a5
 cd8:	c308                	sw	a0,0(a4)
 cda:	8082                	ret

00000cdc <RCC_GetClocksFreq>:
 cdc:	bc4ff2ef          	jal	t0,a0 <__riscv_save_0>
 ce0:	842a                	mv	s0,a0
 ce2:	400217b7          	lui	a5,0x40021
 ce6:	43dc                	lw	a5,4(a5)
 ce8:	8bb1                	andi	a5,a5,12
 cea:	4711                	li	a4,4
 cec:	08e78763          	beq	a5,a4,d7a <RCC_GetClocksFreq+0x9e>
 cf0:	4721                	li	a4,8
 cf2:	08e78a63          	beq	a5,a4,d86 <RCC_GetClocksFreq+0xaa>
 cf6:	c799                	beqz	a5,d04 <RCC_GetClocksFreq+0x28>
 cf8:	016e37b7          	lui	a5,0x16e3
 cfc:	60078793          	addi	a5,a5,1536 # 16e3600 <__bootloader_size+0x16e2600>
 d00:	c11c                	sw	a5,0(a0)
 d02:	a031                	j	d0e <RCC_GetClocksFreq+0x32>
 d04:	016e37b7          	lui	a5,0x16e3
 d08:	60078793          	addi	a5,a5,1536 # 16e3600 <__bootloader_size+0x16e2600>
 d0c:	c11c                	sw	a5,0(a0)
 d0e:	400216b7          	lui	a3,0x40021
 d12:	42dc                	lw	a5,4(a3)
 d14:	8391                	srli	a5,a5,0x4
 d16:	00f7f713          	andi	a4,a5,15
 d1a:	200007b7          	lui	a5,0x20000
 d1e:	02878793          	addi	a5,a5,40 # 20000028 <APBAHBPrescTable>
 d22:	97ba                	add	a5,a5,a4
 d24:	2388                	lbu	a0,0(a5)
 d26:	0ff57593          	andi	a1,a0,255
 d2a:	42dc                	lw	a5,4(a3)
 d2c:	0807f793          	andi	a5,a5,128
 d30:	efb5                	bnez	a5,dac <RCC_GetClocksFreq+0xd0>
 d32:	4008                	lw	a0,0(s0)
 d34:	b88ff0ef          	jal	ra,bc <__udivsi3>
 d38:	c048                	sw	a0,4(s0)
 d3a:	c408                	sw	a0,8(s0)
 d3c:	c448                	sw	a0,12(s0)
 d3e:	400217b7          	lui	a5,0x40021
 d42:	43dc                	lw	a5,4(a5)
 d44:	83ad                	srli	a5,a5,0xb
 d46:	8bfd                	andi	a5,a5,31
 d48:	0037d713          	srli	a4,a5,0x3
 d4c:	078a                	slli	a5,a5,0x2
 d4e:	8bf1                	andi	a5,a5,28
 d50:	8fd9                	or	a5,a5,a4
 d52:	0137f613          	andi	a2,a5,19
 d56:	468d                	li	a3,3
 d58:	0037f713          	andi	a4,a5,3
 d5c:	00c6f463          	bgeu	a3,a2,d64 <RCC_GetClocksFreq+0x88>
 d60:	ff478713          	addi	a4,a5,-12 # 40020ff4 <__global_pointer$+0x200207bc>
 d64:	200007b7          	lui	a5,0x20000
 d68:	01478793          	addi	a5,a5,20 # 20000014 <ADCPrescTable>
 d6c:	97ba                	add	a5,a5,a4
 d6e:	238c                	lbu	a1,0(a5)
 d70:	b4cff0ef          	jal	ra,bc <__udivsi3>
 d74:	c808                	sw	a0,16(s0)
 d76:	b34ff06f          	j	aa <__riscv_restore_0>
 d7a:	016e37b7          	lui	a5,0x16e3
 d7e:	60078793          	addi	a5,a5,1536 # 16e3600 <__bootloader_size+0x16e2600>
 d82:	c11c                	sw	a5,0(a0)
 d84:	b769                	j	d0e <RCC_GetClocksFreq+0x32>
 d86:	400217b7          	lui	a5,0x40021
 d8a:	43dc                	lw	a5,4(a5)
 d8c:	00f79713          	slli	a4,a5,0xf
 d90:	00074863          	bltz	a4,da0 <RCC_GetClocksFreq+0xc4>
 d94:	02dc77b7          	lui	a5,0x2dc7
 d98:	c0078793          	addi	a5,a5,-1024 # 2dc6c00 <__bootloader_size+0x2dc5c00>
 d9c:	c11c                	sw	a5,0(a0)
 d9e:	bf85                	j	d0e <RCC_GetClocksFreq+0x32>
 da0:	02dc77b7          	lui	a5,0x2dc7
 da4:	c0078793          	addi	a5,a5,-1024 # 2dc6c00 <__bootloader_size+0x2dc5c00>
 da8:	c11c                	sw	a5,0(a0)
 daa:	b795                	j	d0e <RCC_GetClocksFreq+0x32>
 dac:	4008                	lw	a0,0(s0)
 dae:	00b55533          	srl	a0,a0,a1
 db2:	b759                	j	d38 <RCC_GetClocksFreq+0x5c>

00000db4 <RCC_APB2PeriphClockCmd>:
 db4:	c599                	beqz	a1,dc2 <RCC_APB2PeriphClockCmd+0xe>
 db6:	40021737          	lui	a4,0x40021
 dba:	4f1c                	lw	a5,24(a4)
 dbc:	8d5d                	or	a0,a0,a5
 dbe:	cf08                	sw	a0,24(a4)
 dc0:	8082                	ret
 dc2:	400217b7          	lui	a5,0x40021
 dc6:	4f98                	lw	a4,24(a5)
 dc8:	fff54513          	not	a0,a0
 dcc:	8d79                	and	a0,a0,a4
 dce:	cf88                	sw	a0,24(a5)
 dd0:	8082                	ret

00000dd2 <RCC_APB2PeriphResetCmd>:
 dd2:	c599                	beqz	a1,de0 <RCC_APB2PeriphResetCmd+0xe>
 dd4:	40021737          	lui	a4,0x40021
 dd8:	475c                	lw	a5,12(a4)
 dda:	8d5d                	or	a0,a0,a5
 ddc:	c748                	sw	a0,12(a4)
 dde:	8082                	ret
 de0:	400217b7          	lui	a5,0x40021
 de4:	47d8                	lw	a4,12(a5)
 de6:	fff54513          	not	a0,a0
 dea:	8d79                	and	a0,a0,a4
 dec:	c7c8                	sw	a0,12(a5)
 dee:	8082                	ret

00000df0 <USART_DeInit>:
 df0:	400147b7          	lui	a5,0x40014
 df4:	80078793          	addi	a5,a5,-2048 # 40013800 <__global_pointer$+0x20012fc8>
 df8:	00f50363          	beq	a0,a5,dfe <USART_DeInit+0xe>
 dfc:	8082                	ret
 dfe:	aa2ff2ef          	jal	t0,a0 <__riscv_save_0>
 e02:	4585                	li	a1,1
 e04:	6511                	lui	a0,0x4
 e06:	37f1                	jal	dd2 <RCC_APB2PeriphResetCmd>
 e08:	4581                	li	a1,0
 e0a:	6511                	lui	a0,0x4
 e0c:	37d9                	jal	dd2 <RCC_APB2PeriphResetCmd>
 e0e:	a9cff06f          	j	aa <__riscv_restore_0>

00000e12 <USART_Init>:
 e12:	a8eff2ef          	jal	t0,a0 <__riscv_save_0>
 e16:	1121                	addi	sp,sp,-24
 e18:	842a                	mv	s0,a0
 e1a:	84ae                	mv	s1,a1
 e1c:	291a                	lhu	a4,16(a0)
 e1e:	77f5                	lui	a5,0xffffd
 e20:	17fd                	addi	a5,a5,-1
 e22:	8ff9                	and	a5,a5,a4
 e24:	21fa                	lhu	a4,6(a1)
 e26:	8fd9                	or	a5,a5,a4
 e28:	a91e                	sh	a5,16(a0)
 e2a:	255a                	lhu	a4,12(a0)
 e2c:	77fd                	lui	a5,0xfffff
 e2e:	9f378793          	addi	a5,a5,-1549 # ffffe9f3 <__global_pointer$+0xdfffe1bb>
 e32:	8ff9                	and	a5,a5,a4
 e34:	21da                	lhu	a4,4(a1)
 e36:	8fd9                	or	a5,a5,a4
 e38:	259a                	lhu	a4,8(a1)
 e3a:	8fd9                	or	a5,a5,a4
 e3c:	25ba                	lhu	a4,10(a1)
 e3e:	8fd9                	or	a5,a5,a4
 e40:	a55e                	sh	a5,12(a0)
 e42:	295e                	lhu	a5,20(a0)
 e44:	07c2                	slli	a5,a5,0x10
 e46:	83c1                	srli	a5,a5,0x10
 e48:	cff7f793          	andi	a5,a5,-769
 e4c:	25da                	lhu	a4,12(a1)
 e4e:	8fd9                	or	a5,a5,a4
 e50:	a95e                	sh	a5,20(a0)
 e52:	0048                	addi	a0,sp,4
 e54:	3561                	jal	cdc <RCC_GetClocksFreq>
 e56:	400147b7          	lui	a5,0x40014
 e5a:	80078793          	addi	a5,a5,-2048 # 40013800 <__global_pointer$+0x20012fc8>
 e5e:	06f40263          	beq	s0,a5,ec2 <USART_Init+0xb0>
 e62:	47b2                	lw	a5,12(sp)
 e64:	245a                	lhu	a4,12(s0)
 e66:	0742                	slli	a4,a4,0x10
 e68:	8741                	srai	a4,a4,0x10
 e6a:	04074e63          	bltz	a4,ec6 <USART_Init+0xb4>
 e6e:	00179513          	slli	a0,a5,0x1
 e72:	953e                	add	a0,a0,a5
 e74:	050e                	slli	a0,a0,0x3
 e76:	408c                	lw	a1,0(s1)
 e78:	058a                	slli	a1,a1,0x2
 e7a:	953e                	add	a0,a0,a5
 e7c:	a40ff0ef          	jal	ra,bc <__udivsi3>
 e80:	c02a                	sw	a0,0(sp)
 e82:	06400593          	li	a1,100
 e86:	4502                	lw	a0,0(sp)
 e88:	a34ff0ef          	jal	ra,bc <__udivsi3>
 e8c:	00451493          	slli	s1,a0,0x4
 e90:	06400593          	li	a1,100
 e94:	4502                	lw	a0,0(sp)
 e96:	a52ff0ef          	jal	ra,e8 <__umodsi3>
 e9a:	245e                	lhu	a5,12(s0)
 e9c:	07c2                	slli	a5,a5,0x10
 e9e:	87c1                	srai	a5,a5,0x10
 ea0:	0207ce63          	bltz	a5,edc <USART_Init+0xca>
 ea4:	0512                	slli	a0,a0,0x4
 ea6:	06400593          	li	a1,100
 eaa:	03250513          	addi	a0,a0,50 # 4032 <__bootloader_size+0x3032>
 eae:	a0eff0ef          	jal	ra,bc <__udivsi3>
 eb2:	893d                	andi	a0,a0,15
 eb4:	8d45                	or	a0,a0,s1
 eb6:	0542                	slli	a0,a0,0x10
 eb8:	8141                	srli	a0,a0,0x10
 eba:	a40a                	sh	a0,8(s0)
 ebc:	0161                	addi	sp,sp,24
 ebe:	9ecff06f          	j	aa <__riscv_restore_0>
 ec2:	47c2                	lw	a5,16(sp)
 ec4:	b745                	j	e64 <USART_Init+0x52>
 ec6:	00179513          	slli	a0,a5,0x1
 eca:	953e                	add	a0,a0,a5
 ecc:	050e                	slli	a0,a0,0x3
 ece:	408c                	lw	a1,0(s1)
 ed0:	0586                	slli	a1,a1,0x1
 ed2:	953e                	add	a0,a0,a5
 ed4:	9e8ff0ef          	jal	ra,bc <__udivsi3>
 ed8:	c02a                	sw	a0,0(sp)
 eda:	b765                	j	e82 <USART_Init+0x70>
 edc:	050e                	slli	a0,a0,0x3
 ede:	06400593          	li	a1,100
 ee2:	03250513          	addi	a0,a0,50
 ee6:	9d6ff0ef          	jal	ra,bc <__udivsi3>
 eea:	891d                	andi	a0,a0,7
 eec:	8d45                	or	a0,a0,s1
 eee:	b7e1                	j	eb6 <USART_Init+0xa4>

00000ef0 <USART_Cmd>:
 ef0:	c591                	beqz	a1,efc <USART_Cmd+0xc>
 ef2:	255e                	lhu	a5,12(a0)
 ef4:	6709                	lui	a4,0x2
 ef6:	8fd9                	or	a5,a5,a4
 ef8:	a55e                	sh	a5,12(a0)
 efa:	8082                	ret
 efc:	255a                	lhu	a4,12(a0)
 efe:	77f9                	lui	a5,0xffffe
 f00:	17fd                	addi	a5,a5,-1
 f02:	8ff9                	and	a5,a5,a4
 f04:	a55e                	sh	a5,12(a0)
 f06:	8082                	ret

00000f08 <USART_ITConfig>:
 f08:	0ff5f793          	andi	a5,a1,255
 f0c:	8395                	srli	a5,a5,0x5
 f0e:	4705                	li	a4,1
 f10:	00b715b3          	sll	a1,a4,a1
 f14:	00e78c63          	beq	a5,a4,f2c <USART_ITConfig+0x24>
 f18:	4689                	li	a3,2
 f1a:	01450713          	addi	a4,a0,20
 f1e:	00d78a63          	beq	a5,a3,f32 <USART_ITConfig+0x2a>
 f22:	ca19                	beqz	a2,f38 <USART_ITConfig+0x30>
 f24:	431c                	lw	a5,0(a4)
 f26:	8ddd                	or	a1,a1,a5
 f28:	c30c                	sw	a1,0(a4)
 f2a:	8082                	ret
 f2c:	00c50713          	addi	a4,a0,12
 f30:	bfcd                	j	f22 <USART_ITConfig+0x1a>
 f32:	01050713          	addi	a4,a0,16
 f36:	b7f5                	j	f22 <USART_ITConfig+0x1a>
 f38:	431c                	lw	a5,0(a4)
 f3a:	fff5c593          	not	a1,a1
 f3e:	8dfd                	and	a1,a1,a5
 f40:	c30c                	sw	a1,0(a4)
 f42:	8082                	ret

00000f44 <USART_SendData>:
 f44:	1ff5f593          	andi	a1,a1,511
 f48:	a14e                	sh	a1,4(a0)
 f4a:	8082                	ret

00000f4c <USART_ReceiveData>:
 f4c:	214a                	lhu	a0,4(a0)
 f4e:	1ff57513          	andi	a0,a0,511
 f52:	8082                	ret

00000f54 <USART_GetFlagStatus>:
 f54:	210a                	lhu	a0,0(a0)
 f56:	8d6d                	and	a0,a0,a1
 f58:	00a03533          	snez	a0,a0
 f5c:	8082                	ret

00000f5e <USART_GetITStatus>:
 f5e:	0ff5f793          	andi	a5,a1,255
 f62:	8395                	srli	a5,a5,0x5
 f64:	4685                	li	a3,1
 f66:	00b69733          	sll	a4,a3,a1
 f6a:	02d78663          	beq	a5,a3,f96 <USART_GetITStatus+0x38>
 f6e:	4689                	li	a3,2
 f70:	02d78663          	beq	a5,a3,f9c <USART_GetITStatus+0x3e>
 f74:	295e                	lhu	a5,20(a0)
 f76:	8f7d                	and	a4,a4,a5
 f78:	210a                	lhu	a0,0(a0)
 f7a:	01051793          	slli	a5,a0,0x10
 f7e:	83c1                	srli	a5,a5,0x10
 f80:	4501                	li	a0,0
 f82:	cb09                	beqz	a4,f94 <USART_GetITStatus+0x36>
 f84:	81a1                	srli	a1,a1,0x8
 f86:	4505                	li	a0,1
 f88:	00b515b3          	sll	a1,a0,a1
 f8c:	00b7f533          	and	a0,a5,a1
 f90:	00a03533          	snez	a0,a0
 f94:	8082                	ret
 f96:	255e                	lhu	a5,12(a0)
 f98:	8f7d                	and	a4,a4,a5
 f9a:	bff9                	j	f78 <USART_GetITStatus+0x1a>
 f9c:	291e                	lhu	a5,16(a0)
 f9e:	8f7d                	and	a4,a4,a5
 fa0:	bfe1                	j	f78 <USART_GetITStatus+0x1a>

00000fa2 <USART_ClearITPendingBit>:
 fa2:	81a1                	srli	a1,a1,0x8
 fa4:	4785                	li	a5,1
 fa6:	00b797b3          	sll	a5,a5,a1
 faa:	fff7c793          	not	a5,a5
 fae:	07c2                	slli	a5,a5,0x10
 fb0:	83c1                	srli	a5,a5,0x10
 fb2:	a11e                	sh	a5,0(a0)
 fb4:	8082                	ret

00000fb6 <__set_MEPC>:
 fb6:	34151073          	csrw	mepc,a0
 fba:	8082                	ret
